02.09.2025 - 13:19:06 - [TAB v5.2.5] Blocked attempt to add player thegrateminecra into team grates (expected team: 0thegrateminecrA)
02.09.2025 - 14:10:36 - [TAB v5.2.5] Blocked attempt to add player thegrateminecra into team grates (expected team: A)
02.09.2025 - 14:31:57 - [TAB v5.2.5] Blocked attempt to add player thegrateminecra into team grates (expected team: A)
02.09.2025 - 14:46:41 - [TAB v5.2.5] Blocked attempt to add player Smactus into team grates (expected team: B)
02.09.2025 - 16:29:53 - [TAB v5.2.5] Blocked attempt to add player thegrateminecra into team grates (expected team: A)
02.09.2025 - 16:30:01 - [TAB v5.2.5] Blocked attempt to add player Smactus into team grates (expected team: B)
02.09.2025 - 17:02:07 - [TAB v5.2.5] Blocked attempt to add player thegrateminecra into team grates (expected team: A)
02.09.2025 - 17:52:17 - [TAB v5.2.5] Blocked attempt to add player thegrateminecra into team grates (expected team: A)
02.09.2025 - 17:58:06 - [TAB v5.2.5] Blocked attempt to add player thegrateminecra into team grates (expected team: A)
02.09.2025 - 18:16:21 - [TAB v5.2.5] Blocked attempt to add player thegrateminecra into team grates (expected team: A)
02.09.2025 - 18:47:59 - [TAB v5.2.5] Blocked attempt to add player thegrateminecra into team grates (expected team: B)
02.09.2025 - 19:10:07 - [TAB v5.2.5] Blocked attempt to add player killerzombie570 into team grates (expected team: A)
02.09.2025 - 19:23:01 - [TAB v5.2.5] Blocked attempt to add player killerzombie570 into team PVP-e3b7254747cf (expected team: A)
02.09.2025 - 19:23:02 - [TAB v5.2.5] Blocked attempt to add player thegrateminecra into team PVP-0982c1ef7286 (expected team: B)
02.09.2025 - 19:23:23 - [TAB v5.2.5] Blocked attempt to add player killerzombie570 into team grates (expected team: A)
02.09.2025 - 19:23:33 - [TAB v5.2.5] Blocked attempt to add player thegrateminecra into team grates (expected team: B)
02.09.2025 - 19:23:52 - [TAB v5.2.5] Blocked attempt to add player killerzombie570 into team PVP-e3b7254747cf (expected team: A)
02.09.2025 - 19:23:52 - [TAB v5.2.5] Blocked attempt to add player thegrateminecra into team PVP-0982c1ef7286 (expected team: B)
02.09.2025 - 19:24:02 - [TAB v5.2.5] Blocked attempt to add player thegrateminecra into team grates (expected team: B)
02.09.2025 - 19:24:02 - [TAB v5.2.5] Blocked attempt to add player killerzombie570 into team grates (expected team: A)
02.09.2025 - 19:24:17 - [TAB v5.2.5] Blocked attempt to add player thegrateminecra into team PVP-0982c1ef7286 (expected team: B)
02.09.2025 - 19:24:17 - [TAB v5.2.5] Blocked attempt to add player killerzombie570 into team PVP-e3b7254747cf (expected team: A)
02.09.2025 - 19:24:38 - [TAB v5.2.5] Blocked attempt to add player thegrateminecra into team grates (expected team: B)
02.09.2025 - 19:24:38 - [TAB v5.2.5] Blocked attempt to add player killerzombie570 into team grates (expected team: A)
02.09.2025 - 19:24:49 - [TAB v5.2.5] Blocked attempt to add player killerzombie570 into team PVP-e3b7254747cf (expected team: A)
02.09.2025 - 19:24:49 - [TAB v5.2.5] Blocked attempt to add player thegrateminecra into team PVP-0982c1ef7286 (expected team: B)
02.09.2025 - 19:25:00 - [TAB v5.2.5] Blocked attempt to add player thegrateminecra into team grates (expected team: B)
02.09.2025 - 19:25:00 - [TAB v5.2.5] Blocked attempt to add player killerzombie570 into team grates (expected team: A)
02.09.2025 - 19:26:31 - [TAB v5.2.5] Blocked attempt to add player killerzombie570 into team PVP-e3b7254747cf (expected team: A)
02.09.2025 - 19:26:31 - [TAB v5.2.5] Blocked attempt to add player thegrateminecra into team PVP-0982c1ef7286 (expected team: B)
02.09.2025 - 19:26:41 - [TAB v5.2.5] Blocked attempt to add player thegrateminecra into team grates (expected team: B)
02.09.2025 - 19:26:41 - [TAB v5.2.5] Blocked attempt to add player killerzombie570 into team grates (expected team: A)
02.09.2025 - 19:28:12 - [TAB v5.2.5] Blocked attempt to add player killerzombie570 into team PVP-e3b7254747cf (expected team: A)
02.09.2025 - 19:28:12 - [TAB v5.2.5] Blocked attempt to add player thegrateminecra into team PVP-0982c1ef7286 (expected team: B)
02.09.2025 - 19:28:17 - [TAB v5.2.5] Blocked attempt to add player killerzombie570 into team grates (expected team: A)
02.09.2025 - 19:28:27 - [TAB v5.2.5] Blocked attempt to add player thegrateminecra into team grates (expected team: B)
02.09.2025 - 19:29:06 - [TAB v5.2.5] Blocked attempt to add player killerzombie570 into team PVP-e3b7254747cf (expected team: A)
02.09.2025 - 19:29:06 - [TAB v5.2.5] Blocked attempt to add player thegrateminecra into team PVP-0982c1ef7286 (expected team: B)
02.09.2025 - 19:29:13 - [TAB v5.2.5] Blocked attempt to add player killerzombie570 into team grates (expected team: A)
02.09.2025 - 19:29:20 - [TAB v5.2.5] Blocked attempt to add player killerzombie570 into team PVP-e3b7254747cf (expected team: A)
02.09.2025 - 19:29:24 - [TAB v5.2.5] Blocked attempt to add player killerzombie570 into team grates (expected team: A)
02.09.2025 - 19:29:29 - [TAB v5.2.5] Blocked attempt to add player killerzombie570 into team PVP-e3b7254747cf (expected team: A)
02.09.2025 - 19:29:34 - [TAB v5.2.5] Blocked attempt to add player killerzombie570 into team grates (expected team: A)
02.09.2025 - 19:29:40 - [TAB v5.2.5] Blocked attempt to add player killerzombie570 into team PVP-e3b7254747cf (expected team: A)
02.09.2025 - 19:29:50 - [TAB v5.2.5] Blocked attempt to add player killerzombie570 into team grates (expected team: A)
02.09.2025 - 19:29:56 - [TAB v5.2.5] Blocked attempt to add player killerzombie570 into team PVP-e3b7254747cf (expected team: A)
02.09.2025 - 19:30:08 - [TAB v5.2.5] Blocked attempt to add player killerzombie570 into team grates (expected team: A)
02.09.2025 - 19:30:16 - [TAB v5.2.5] Blocked attempt to add player killerzombie570 into team PVP-e3b7254747cf (expected team: A)
02.09.2025 - 19:30:22 - [TAB v5.2.5] Blocked attempt to add player killerzombie570 into team grates (expected team: A)
02.09.2025 - 19:30:32 - [TAB v5.2.5] Blocked attempt to add player thegrateminecra into team grates (expected team: B)
02.09.2025 - 19:30:34 - [TAB v5.2.5] Blocked attempt to add player killerzombie570 into team PVP-e3b7254747cf (expected team: A)
02.09.2025 - 19:30:34 - [TAB v5.2.5] Blocked attempt to add player thegrateminecra into team PVP-0982c1ef7286 (expected team: B)
02.09.2025 - 19:30:56 - [TAB v5.2.5] Blocked attempt to add player killerzombie570 into team grates (expected team: A)
02.09.2025 - 19:31:06 - [TAB v5.2.5] Blocked attempt to add player thegrateminecra into team grates (expected team: B)
02.09.2025 - 19:33:04 - [TAB v5.2.5] Blocked attempt to add player killerzombie570 into team grates (expected team: A)
02.09.2025 - 19:33:56 - [TAB v5.2.5] Blocked attempt to add player killerzombie570 into team PVP-e3b7254747cf (expected team: A)
02.09.2025 - 19:33:56 - [TAB v5.2.5] Blocked attempt to add player thegrateminecra into team PVP-0982c1ef7286 (expected team: B)
02.09.2025 - 19:34:02 - [TAB v5.2.5] Blocked attempt to add player killerzombie570 into team grates (expected team: A)
02.09.2025 - 19:34:12 - [TAB v5.2.5] Blocked attempt to add player thegrateminecra into team grates (expected team: B)
02.09.2025 - 19:35:42 - [TAB v5.2.5] Blocked attempt to add player killerzombie570 into team PVP-e3b7254747cf (expected team: A)
02.09.2025 - 19:35:42 - [TAB v5.2.5] Blocked attempt to add player thegrateminecra into team PVP-0982c1ef7286 (expected team: B)
02.09.2025 - 19:36:09 - [TAB v5.2.5] Blocked attempt to add player thegrateminecra into team grates (expected team: B)
02.09.2025 - 19:36:19 - [TAB v5.2.5] Blocked attempt to add player killerzombie570 into team grates (expected team: A)
02.09.2025 - 19:47:27 - [TAB v5.2.5] Blocked attempt to add player killerzombie570 into team PVP-e3b7254747cf (expected team: A)
02.09.2025 - 19:47:27 - [TAB v5.2.5] Blocked attempt to add player thegrateminecra into team PVP-0982c1ef7286 (expected team: B)
02.09.2025 - 19:47:44 - [TAB v5.2.5] Blocked attempt to add player thegrateminecra into team grates (expected team: B)
02.09.2025 - 19:47:54 - [TAB v5.2.5] Blocked attempt to add player killerzombie570 into team grates (expected team: A)
02.09.2025 - 19:52:33 - [TAB v5.2.5] Blocked attempt to add player killerzombie570 into team PVP-e3b7254747cf (expected team: A)
02.09.2025 - 19:52:33 - [TAB v5.2.5] Blocked attempt to add player thegrateminecra into team PVP-0982c1ef7286 (expected team: B)
02.09.2025 - 19:52:43 - [TAB v5.2.5] Blocked attempt to add player killerzombie570 into team grates (expected team: A)
02.09.2025 - 19:52:43 - [TAB v5.2.5] Blocked attempt to add player thegrateminecra into team grates (expected team: B)
02.09.2025 - 20:01:22 - [TAB v5.2.5] Blocked attempt to add player killerzombie570 into team PVP-e3b7254747cf (expected team: A)
02.09.2025 - 20:01:22 - [TAB v5.2.5] Blocked attempt to add player thegrateminecra into team PVP-0982c1ef7286 (expected team: B)
02.09.2025 - 20:01:32 - [TAB v5.2.5] Blocked attempt to add player killerzombie570 into team grates (expected team: A)
02.09.2025 - 20:01:32 - [TAB v5.2.5] Blocked attempt to add player thegrateminecra into team grates (expected team: B)
02.09.2025 - 20:02:37 - [TAB v5.2.5] Blocked attempt to add player killerzombie570 into team PVP-e3b7254747cf (expected team: A)
02.09.2025 - 20:02:37 - [TAB v5.2.5] Blocked attempt to add player thegrateminecra into team PVP-0982c1ef7286 (expected team: B)
02.09.2025 - 20:02:47 - [TAB v5.2.5] Blocked attempt to add player killerzombie570 into team grates (expected team: A)
02.09.2025 - 20:02:47 - [TAB v5.2.5] Blocked attempt to add player thegrateminecra into team grates (expected team: B)
02.09.2025 - 20:04:58 - [TAB v5.2.5] Blocked attempt to add player killerzombie570 into team PVP-e3b7254747cf (expected team: A)
02.09.2025 - 20:04:58 - [TAB v5.2.5] Blocked attempt to add player thegrateminecra into team PVP-0982c1ef7286 (expected team: B)
02.09.2025 - 20:05:08 - [TAB v5.2.5] Blocked attempt to add player killerzombie570 into team grates (expected team: A)
02.09.2025 - 20:05:08 - [TAB v5.2.5] Blocked attempt to add player thegrateminecra into team grates (expected team: B)
02.09.2025 - 20:05:41 - [TAB v5.2.5] Blocked attempt to add player killerzombie570 into team PVP-e3b7254747cf (expected team: A)
02.09.2025 - 20:05:41 - [TAB v5.2.5] Blocked attempt to add player thegrateminecra into team PVP-0982c1ef7286 (expected team: B)
02.09.2025 - 20:05:52 - [TAB v5.2.5] Blocked attempt to add player killerzombie570 into team grates (expected team: A)
02.09.2025 - 20:05:52 - [TAB v5.2.5] Blocked attempt to add player thegrateminecra into team grates (expected team: B)
02.09.2025 - 20:06:31 - [TAB v5.2.5] Blocked attempt to add player thegrateminecra into team PVP-0982c1ef7286 (expected team: B)
02.09.2025 - 20:06:31 - [TAB v5.2.5] Blocked attempt to add player killerzombie570 into team PVP-e3b7254747cf (expected team: A)
02.09.2025 - 20:06:31 - [TAB v5.2.5] Blocked attempt to add player thegrateminecra into team PVP-0982c1ef7286 (expected team: B)
02.09.2025 - 20:06:41 - [TAB v5.2.5] Blocked attempt to add player thegrateminecra into team grates (expected team: B)
02.09.2025 - 20:06:41 - [TAB v5.2.5] Blocked attempt to add player killerzombie570 into team grates (expected team: A)
02.09.2025 - 20:07:35 - [TAB v5.2.5] Blocked attempt to add player thegrateminecra into team PVP-0982c1ef7286 (expected team: B)
02.09.2025 - 20:07:35 - [TAB v5.2.5] Blocked attempt to add player killerzombie570 into team PVP-e3b7254747cf (expected team: A)
02.09.2025 - 20:07:53 - [TAB v5.2.5] Blocked attempt to add player thegrateminecra into team grates (expected team: B)
02.09.2025 - 20:07:53 - [TAB v5.2.5] Blocked attempt to add player killerzombie570 into team grates (expected team: A)
02.09.2025 - 20:08:22 - [TAB v5.2.5] Blocked attempt to add player thegrateminecra into team PVP-0982c1ef7286 (expected team: B)
02.09.2025 - 20:08:22 - [TAB v5.2.5] Blocked attempt to add player killerzombie570 into team PVP-e3b7254747cf (expected team: A)
02.09.2025 - 20:08:32 - [TAB v5.2.5] Blocked attempt to add player thegrateminecra into team grates (expected team: B)
02.09.2025 - 20:08:32 - [TAB v5.2.5] Blocked attempt to add player killerzombie570 into team grates (expected team: A)
02.09.2025 - 20:33:11 - [TAB v5.2.5] Blocked attempt to add player thegrateminecra into team grates (expected team: B)
02.09.2025 - 20:33:25 - [TAB v5.2.5] Blocked attempt to add player thegrateminecra into team PVP-0982c1ef7286 (expected team: B)
02.09.2025 - 20:33:25 - [TAB v5.2.5] Blocked attempt to add player killerzombie570 into team PVP-e3b7254747cf (expected team: A)
02.09.2025 - 20:34:02 - [TAB v5.2.5] Blocked attempt to add player thegrateminecra into team grates (expected team: B)
02.09.2025 - 20:34:12 - [TAB v5.2.5] Blocked attempt to add player killerzombie570 into team grates (expected team: A)
02.09.2025 - 20:34:44 - [TAB v5.2.5] Blocked attempt to add player killerzombie570 into team PVP-e3b7254747cf (expected team: A)
02.09.2025 - 20:34:44 - [TAB v5.2.5] Blocked attempt to add player thegrateminecra into team PVP-0982c1ef7286 (expected team: B)
02.09.2025 - 20:35:01 - [TAB v5.2.5] Blocked attempt to add player killerzombie570 into team grates (expected team: A)
02.09.2025 - 20:35:01 - [TAB v5.2.5] Blocked attempt to add player thegrateminecra into team grates (expected team: B)
02.09.2025 - 21:15:14 - [TAB v5.2.5] Blocked attempt to add player thegrateminecra into team grates (expected team: A)
02.09.2025 - 22:01:26 - [TAB v5.2.5] Blocked attempt to add player thegrateminecra into team grates (expected team: A)
02.09.2025 - 22:04:26 - [TAB v5.2.5] Blocked attempt to add player thegrateminecra into team grates (expected team: A)
03.09.2025 - 00:10:02 - [TAB v5.2.5] Blocked attempt to add player thegrateminecra into team grates (expected team: A)
03.09.2025 - 09:33:44 - [TAB v5.2.5] Blocked attempt to add player thegrateminecra into team grates (expected team: A)
03.09.2025 - 09:55:22 - [TAB v5.2.5] Blocked attempt to add player thegrateminecra into team grates (expected team: A)
03.09.2025 - 10:34:45 - [TAB v5.2.5] Blocked attempt to add player thegrateminecra into team grates (expected team: A)
03.09.2025 - 10:58:45 - [TAB v5.2.5] Blocked attempt to add player thegrateminecra into team grates (expected team: A)
03.09.2025 - 11:06:02 - [TAB v5.2.5] Blocked attempt to add player thegrateminecra into team grates (expected team: A)
03.09.2025 - 11:09:19 - [TAB v5.2.5] Blocked attempt to add player thegrateminecra into team grates (expected team: A)
03.09.2025 - 11:14:05 - [TAB v5.2.5] Blocked attempt to add player thegrateminecra into team grates (expected team: A)
03.09.2025 - 11:17:33 - [TAB v5.2.5] Blocked attempt to add player thegrateminecra into team grates (expected team: A)
03.09.2025 - 11:24:56 - [TAB v5.2.5] Blocked attempt to add player thegrateminecra into team grates (expected team: A)
03.09.2025 - 13:26:00 - [TAB v5.2.5] Blocked attempt to add player thegrateminecra into team grates (expected team: A)
03.09.2025 - 13:41:20 - [TAB v5.2.5] Blocked attempt to add player thegrateminecra into team grates (expected team: A)
03.09.2025 - 14:21:11 - [TAB v5.2.5] Blocked attempt to add player Smactus into team PVP-934bb31be7da (expected team: B)
03.09.2025 - 14:21:11 - [TAB v5.2.5] Blocked attempt to add player thegrateminecra into team PVP-0982c1ef7286 (expected team: A)
03.09.2025 - 14:21:21 - [TAB v5.2.5] Blocked attempt to add player thegrateminecra into team grates (expected team: A)
03.09.2025 - 14:40:07 - [TAB v5.2.5] Blocked attempt to add player Smactus into team PVP-934bb31be7da (expected team: B)
03.09.2025 - 14:40:07 - [TAB v5.2.5] Blocked attempt to add player thegrateminecra into team PVP-0982c1ef7286 (expected team: A)
03.09.2025 - 14:40:17 - [TAB v5.2.5] Blocked attempt to add player thegrateminecra into team grates (expected team: A)
03.09.2025 - 14:43:54 - [TAB v5.2.5] Blocked attempt to add player Smactus into team PVP-934bb31be7da (expected team: B)
03.09.2025 - 14:43:54 - [TAB v5.2.5] Blocked attempt to add player thegrateminecra into team PVP-0982c1ef7286 (expected team: A)
03.09.2025 - 14:44:04 - [TAB v5.2.5] Blocked attempt to add player thegrateminecra into team grates (expected team: A)
03.09.2025 - 14:51:24 - [TAB v5.2.5] Blocked attempt to add player Smactus into team grates (expected team: B)
03.09.2025 - 14:53:02 - [TAB v5.2.5] Blocked attempt to add player thegrateminecra into team grates (expected team: A)
03.09.2025 - 15:00:03 - [TAB v5.2.5] Blocked attempt to add player Smactus into team grates (expected team: B)
03.09.2025 - 15:00:42 - [TAB v5.2.5] Blocked attempt to add player thegrateminecra into team grates (expected team: A)
03.09.2025 - 15:07:34 - [TAB v5.2.5] Blocked attempt to add player Smactus into team grates (expected team: B)
03.09.2025 - 15:11:14 - [TAB v5.2.5] Blocked attempt to add player thegrateminecra into team grates (expected team: A)
03.09.2025 - 15:16:00 - [TAB v5.2.5] Blocked attempt to add player thegrateminecra into team grates (expected team: A)
03.09.2025 - 15:17:35 - [TAB v5.2.5] Blocked attempt to add player thegrateminecra into team grates (expected team: A)
03.09.2025 - 16:17:34 - [TAB v5.2.5] Blocked attempt to add player thegrateminecra into team grates (expected team: A)
03.09.2025 - 16:46:37 - [TAB v5.2.5] Blocked attempt to add player killerzombie570 into team grates (expected team: B)
03.09.2025 - 17:20:41 - [TAB v5.2.5] Blocked attempt to add player thegrateminecra into team grates (expected team: A)
03.09.2025 - 17:44:18 - [TAB v5.2.5] Blocked attempt to add player thegrateminecra into team grates (expected team: A)
03.09.2025 - 18:12:20 - [TAB v5.2.5] Blocked attempt to add player thegrateminecra into team grates (expected team: A)
03.09.2025 - 18:36:02 - [TAB v5.2.5] Blocked attempt to add player thegrateminecra into team grates (expected team: A)
04.09.2025 - 09:54:02 - [TAB v5.2.5] Blocked attempt to add player thegrateminecra into team grates (expected team: A)
04.09.2025 - 10:49:19 - [TAB v5.2.5] Blocked attempt to add player thegrateminecra into team grates (expected team: A)
04.09.2025 - 10:58:29 - [TAB v5.2.5] Blocked attempt to add player thegrateminecra into team grates (expected team: A)
04.09.2025 - 11:38:48 - [TAB v5.2.5] Blocked attempt to add player thegrateminecra into team grates (expected team: A)
04.09.2025 - 12:09:44 - [TAB v5.2.5] Blocked attempt to add player thegrateminecra into team grates (expected team: A)
04.09.2025 - 12:22:57 - [TAB v5.2.5] Blocked attempt to add player thegrateminecra into team grates (expected team: A)
04.09.2025 - 12:59:08 - [TAB v5.2.5] Blocked attempt to add player thegrateminecra into team grates (expected team: A)
04.09.2025 - 14:47:41 - [TAB v5.2.5] Blocked attempt to add player thegrateminecra into team grates (expected team: A)
04.09.2025 - 14:54:50 - [TAB v5.2.5] Blocked attempt to add player thegrateminecra into team grates (expected team: A)
04.09.2025 - 15:10:17 - [TAB v5.2.5] Blocked attempt to add player thegrateminecra into team grates (expected team: A)
04.09.2025 - 15:22:19 - [TAB v5.2.5] Blocked attempt to add player thegrateminecra into team grates (expected team: A)
04.09.2025 - 16:06:51 - [TAB v5.2.5] Blocked attempt to add player thegrateminecra into team grates (expected team: A)
04.09.2025 - 16:16:43 - [TAB v5.2.5] Blocked attempt to add player thegrateminecra into team grates (expected team: A)
04.09.2025 - 17:18:00 - [TAB v5.2.5] Blocked attempt to add player thegrateminecra into team grates (expected team: A)
