(2025-09-09 19:54:15) thegrateminecra was flagged [Check: LiquidWalkA (Jesus)] [Violations: 1/40] [TPS: 20.00] [Ping: 9ms (high stability)] [Client: Fabric] [Location: world -3413.79 63.05 -1142.42]
(2025-09-09 19:54:19) thegrateminecra was flagged [Check: FlightA (Acceleration)] [Violations: 1/40] [TPS: 20.00] [Ping: 9ms (high stability)] [Client: Fabric] [Location: world -3413.79 63.05 -1142.42]
(2025-09-09 20:03:12) thegrateminecra was flagged [Check: LiquidWalkA (Jesus)] [Violations: 1/40] [TPS: 20.00] [Ping: 9ms (high stability)] [Client: Fabric] [Location: world -25716.08 63.00 70.09]
(2025-09-09 20:09:16) thegrateminecra was flagged [Check: LiquidWalkA (Jesus)] [Violations: 1/40] [TPS: 20.00] [Ping: 9ms (high stability)] [Client: Fabric] [Location: world -27515.79 63.00 -117.91]
(2025-09-09 20:09:25) thegrateminecra was flagged [Check: LiquidWalkA (Jesus)] [Violations: 22/40] [TPS: 20.00] [Ping: 9ms (high stability)] [Client: Fabric] [Location: world -27517.56 63.05 -115.77]
(2025-09-09 20:13:55) thegrateminecra was flagged [Check: LiquidWalkA (Jesus)] [Violations: 1/40] [TPS: 20.00] [Ping: 9ms (high stability)] [Client: Fabric] [Location: world -27520.40 63.00 -135.89]
(2025-09-09 20:13:57) thegrateminecra was flagged [Check: LiquidWalkA (Jesus)] [Violations: 14/40] [TPS: 20.00] [Ping: 9ms (high stability)] [Client: Fabric] [Location: world -27524.33 63.05 -135.79]
(2025-09-09 20:14:00) thegrateminecra was flagged [Check: LiquidWalkA (Jesus)] [Violations: 17/40] [TPS: 20.00] [Ping: 9ms (high stability)] [Client: Fabric] [Location: world -27524.32 63.00 -136.14]
(2025-09-09 20:14:02) thegrateminecra was flagged [Check: LiquidWalkA (Jesus)] [Violations: 1/40] [TPS: 20.00] [Ping: 9ms (high stability)] [Client: Fabric] [Location: world -27525.67 63.05 -135.09]
(2025-09-09 20:14:59) thegrateminecra was flagged [Check: LiquidWalkA (Jesus)] [Violations: 5/40] [TPS: 20.00] [Ping: 9ms (high stability)] [Client: Fabric] [Location: world -27526.27 63.00 -157.88]
(2025-09-09 20:15:01) thegrateminecra was flagged [Check: LiquidWalkA (Jesus)] [Violations: 10/40] [TPS: 20.00] [Ping: 9ms (high stability)] [Client: Fabric] [Location: world -27526.11 63.05 -158.32]
(2025-09-09 20:17:02) thegrateminecra was flagged [Check: LiquidWalkA (Jesus)] [Violations: 1/40] [TPS: 20.00] [Ping: 9ms (high stability)] [Client: Fabric] [Location: world -27550.18 63.00 -156.10]
(2025-09-09 20:17:04) thegrateminecra was flagged [Check: LiquidWalkA (Jesus)] [Violations: 7/40] [TPS: 20.00] [Ping: 8ms (high stability)] [Client: Fabric] [Location: world -27550.52 63.00 -147.14]
(2025-09-09 20:17:06) thegrateminecra was flagged [Check: LiquidWalkA (Jesus)] [Violations: 10/40] [TPS: 20.00] [Ping: 9ms (high stability)] [Client: Fabric] [Location: world -27550.91 63.05 -145.91]
(2025-09-09 20:17:08) thegrateminecra was flagged [Check: LiquidWalkA (Jesus)] [Violations: 18/40] [TPS: 20.00] [Ping: 9ms (high stability)] [Client: Fabric] [Location: world -27550.07 63.00 -144.43]
(2025-09-09 20:17:20) thegrateminecra was flagged [Check: LiquidWalkA (Jesus)] [Violations: 22/40] [TPS: 20.00] [Ping: 8ms (high stability)] [Client: Fabric] [Location: world -27536.68 63.05 -148.30]
(2025-09-09 20:17:23) thegrateminecra was flagged [Check: FlightA (Acceleration)] [Violations: 1/40] [TPS: 20.00] [Ping: 9ms (high stability)] [Client: Fabric] [Location: world -27536.59 63.80 -144.06]
(2025-09-09 20:17:26) thegrateminecra was flagged [Check: LiquidWalkA (Jesus)] [Violations: 24/40] [TPS: 20.00] [Ping: 9ms (high stability)] [Client: Fabric] [Location: world -27525.44 63.00 -134.03]
(2025-09-09 20:17:27) thegrateminecra was flagged [Check: LiquidWalkA (Jesus)] [Violations: 1/40] [TPS: 20.00] [Ping: 9ms (high stability)] [Client: Fabric] [Location: world -27523.80 63.00 -135.10]
(2025-09-09 20:17:27) thegrateminecra was punished [Check: LiquidWalkA (Jesus)] [Violations: 40/40] [TPS: 20.00]  [Ping: 9ms (high stability)] [Client: Fabric] [Location: world -27523.80 63.00 -135.10]
(2025-09-09 20:17:34) thegrateminecra was flagged [Check: LiquidWalkA (Jesus)] [Violations: 2/40] [TPS: 19.99] [Ping: 9ms (high stability)] [Client: Fabric] [Location: world -27524.21 63.05 -135.00]
(2025-09-09 20:21:00) thegrateminecra was flagged [Check: FlightC (Vector)] [Violations: 1/40] [TPS: 20.00] [Ping: 9ms (high stability)] [Client: Fabric] [Location: world -27543.63 63.00 -156.93]
(2025-09-09 20:31:40) thegrateminecra was flagged [Check: LiquidWalkB (Jesus)] [Violations: 1/40] [TPS: 20.00] [Ping: 9ms (high stability)] [Client: Fabric] [Location: world -27519.39 63.00 -150.53]
(2025-09-09 20:32:11) thegrateminecra was flagged [Check: BlockBreakA (Rotation)] [Violations: 1/10] [TPS: 20.00] [Ping: 9ms (high stability)] [Client: Fabric] [Location: world -27492.69 58.76 -142.07]
(2025-09-09 20:33:35) thegrateminecra was flagged [Check: LiquidWalkA (Jesus)] [Violations: 1/40] [TPS: 20.00] [Ping: 8ms (high stability)] [Client: Fabric] [Location: world -27522.77 63.00 -147.46]
(2025-09-09 20:33:36) thegrateminecra was flagged [Check: LiquidWalkA (Jesus)] [Violations: 4/40] [TPS: 20.00] [Ping: 8ms (high stability)] [Client: Fabric] [Location: world -27522.31 63.00 -140.06]
