(2025-09-04 09:56:42) thegrateminecra was flagged [Check: FlightC (Vector)] [Violations: 1/40] [TPS: 20.00] [Ping: 9ms (high stability)] [Client: Fabric] [Location: world -950.69 69.75 -242.30]
(2025-09-04 09:59:43) thegrateminecra was flagged [Check: KillAuraD (Impossible)] [Violations: 1/5] [TPS: 20.00] [Ping: 9ms (high stability)] [Client: Fabric] [Location: world_the_end -11414.35 1.00 6141.60]
(2025-09-04 09:59:45) thegrateminecra was flagged [Check: KillAuraD (Impossible)] [Violations: 4/5] [TPS: 20.00] [Ping: 9ms (high stability)] [Client: Fabric] [Location: world_the_end -11414.35 1.06 6142.05]
(2025-09-04 09:59:45) thegrateminecra was punished [Check: KillAuraD (Impossible)] [Violations: 5/5] [TPS: 20.00]  [Ping: 9ms (high stability)] [Client: Fabric] [Location: world_the_end -11414.35 1.06 6142.15]
(2025-09-04 09:59:48) thegrateminecra was flagged [Check: KillAuraD (Impossible)] [Violations: 1/5] [TPS: 20.00] [Ping: 0ms (high stability)] [Client: Fabric] [Location: world_the_end -11414.39 1.06 6141.71]
(2025-09-04 09:59:51) thegrateminecra was flagged [Check: KillAuraD (Impossible)] [Violations: 2/5] [TPS: 19.88] [Ping: 9ms (high stability)] [Client: Fabric] [Location: world_the_end -11414.39 1.00 6141.67]
(2025-09-04 09:59:53) thegrateminecra was flagged [Check: KillAuraD (Impossible)] [Violations: 4/5] [TPS: 20.00] [Ping: 9ms (high stability)] [Client: Fabric] [Location: world_the_end -11414.39 1.00 6141.67]
(2025-09-04 09:59:58) thegrateminecra was flagged [Check: KillAuraD (Impossible)] [Violations: 1/5] [TPS: 20.00] [Ping: 9ms (high stability)] [Client: Fabric] [Location: world_the_end -11414.39 1.00 6141.67]
(2025-09-04 10:14:25) thegrateminecra was flagged [Check: KillAuraD (Impossible)] [Violations: 1/5] [TPS: 20.00] [Ping: 9ms (high stability)] [Client: Fabric] [Location: world_the_end -11415.57 1.00 6145.56]
(2025-09-04 10:14:26) thegrateminecra was flagged [Check: KillAuraD (Impossible)] [Violations: 3/5] [TPS: 20.00] [Ping: 9ms (high stability)] [Client: Fabric] [Location: world_the_end -11415.43 1.06 6145.23]
(2025-09-04 10:14:33) thegrateminecra was punished [Check: KillAuraD (Impossible)] [Violations: 5/5] [TPS: 20.00]  [Ping: 9ms (high stability)] [Client: Fabric] [Location: world_the_end -11412.91 1.06 6143.03]
(2025-09-04 10:14:33) thegrateminecra was flagged [Check: KillAuraD (Impossible)] [Violations: 5/5] [TPS: 20.00] [Ping: 9ms (high stability)] [Client: Fabric] [Location: world_the_end -11412.91 1.06 6143.03]
(2025-09-04 10:14:33) thegrateminecra was flagged [Check: KillAuraD (Impossible)] [Violations: 1/5] [TPS: 20.00] [Ping: 9ms (high stability)] [Client: Fabric] [Location: world_the_end -11412.91 1.06 6143.03]
(2025-09-04 10:14:36) thegrateminecra was flagged [Check: KillAuraD (Impossible)] [Violations: 2/5] [TPS: 20.00] [Ping: 0ms (high stability)] [Client: Fabric] [Location: world_the_end -11412.91 1.06 6143.03]
(2025-09-04 10:14:39) thegrateminecra was flagged [Check: KillAuraD (Impossible)] [Violations: 3/5] [TPS: 20.00] [Ping: 9ms (high stability)] [Client: Fabric] [Location: world_the_end -11412.91 1.06 6143.03]
(2025-09-04 10:15:16) thegrateminecra was flagged [Check: KillAuraB (HitBox)] [Violations: 1/8] [TPS: 20.00] [Ping: 9ms (high stability)] [Client: Fabric] [Location: world_the_end -11415.35 1.00 6141.67]
(2025-09-04 10:18:07) thegrateminecra was flagged [Check: KillAuraD (Impossible)] [Violations: 1/5] [TPS: 20.00] [Ping: 9ms (high stability)] [Client: Fabric] [Location: world_the_end -11414.74 1.06 6142.27]
(2025-09-04 10:55:05) thegrateminecra was flagged [Check: KillAuraD (Impossible)] [Violations: 1/5] [TPS: 20.00] [Ping: 12ms (high stability)] [Client: Fabric] [Location: world_the_end -11414.47 1.00 6141.23]
(2025-09-04 10:55:09) thegrateminecra was flagged [Check: KillAuraD (Impossible)] [Violations: 4/5] [TPS: 20.00] [Ping: 12ms (high stability)] [Client: Fabric] [Location: world_the_end -11414.40 1.06 6142.28]
(2025-09-04 10:55:10) thegrateminecra was punished [Check: KillAuraD (Impossible)] [Violations: 5/5] [TPS: 20.00]  [Ping: 8ms (high stability)] [Client: Fabric] [Location: world_the_end -11413.89 1.00 6141.02]
(2025-09-04 10:55:10) thegrateminecra was flagged [Check: KillAuraD (Impossible)] [Violations: 5/5] [TPS: 20.00] [Ping: 8ms (high stability)] [Client: Fabric] [Location: world_the_end -11413.89 1.00 6141.02]
(2025-09-04 10:55:22) thegrateminecra was flagged [Check: KillAuraD (Impossible)] [Violations: 1/5] [TPS: 20.00] [Ping: 12ms (high stability)] [Client: Fabric] [Location: world_the_end -11413.95 1.00 6140.89]
(2025-09-04 10:55:23) thegrateminecra was flagged [Check: KillAuraD (Impossible)] [Violations: 3/5] [TPS: 20.00] [Ping: 12ms (high stability)] [Client: Fabric] [Location: world_the_end -11414.71 1.00 6141.25]
(2025-09-04 10:55:24) thegrateminecra was flagged [Check: KillAuraD (Impossible)] [Violations: 4/5] [TPS: 20.00] [Ping: 12ms (high stability)] [Client: Fabric] [Location: world_the_end -11414.70 1.06 6141.89]
(2025-09-04 10:55:31) thegrateminecra was flagged [Check: KillAuraD (Impossible)] [Violations: 1/5] [TPS: 20.00] [Ping: 12ms (high stability)] [Client: Fabric] [Location: world_the_end -11414.78 1.00 6141.18]
(2025-09-04 10:55:31) thegrateminecra was flagged [Check: KillAuraD (Impossible)] [Violations: 5/5] [TPS: 20.00] [Ping: 12ms (high stability)] [Client: Fabric] [Location: world_the_end -11414.78 1.00 6141.18]
(2025-09-04 10:55:31) thegrateminecra was punished [Check: KillAuraD (Impossible)] [Violations: 5/5] [TPS: 20.00]  [Ping: 12ms (high stability)] [Client: Fabric] [Location: world_the_end -11414.78 1.00 6141.18]
(2025-09-04 10:55:33) thegrateminecra was flagged [Check: KillAuraD (Impossible)] [Violations: 2/5] [TPS: 20.00] [Ping: 0ms (high stability)] [Client: Fabric] [Location: world_the_end -11414.85 1.00 6140.56]
(2025-09-04 10:55:37) thegrateminecra was flagged [Check: KillAuraD (Impossible)] [Violations: 3/5] [TPS: 20.00] [Ping: 12ms (high stability)] [Client: Fabric] [Location: world_the_end -11414.72 1.00 6141.11]
(2025-09-04 10:55:38) thegrateminecra was flagged [Check: KillAuraD (Impossible)] [Violations: 4/5] [TPS: 20.00] [Ping: 9ms (high stability)] [Client: Fabric] [Location: world_the_end -11414.09 1.00 6141.68]
(2025-09-04 10:55:40) thegrateminecra was flagged [Check: KillAuraD (Impossible)] [Violations: 5/5] [TPS: 20.00] [Ping: 9ms (high stability)] [Client: Fabric] [Location: world_the_end -11414.08 1.06 6141.82]
(2025-09-04 10:55:40) thegrateminecra was punished [Check: KillAuraD (Impossible)] [Violations: 5/5] [TPS: 20.00]  [Ping: 9ms (high stability)] [Client: Fabric] [Location: world_the_end -11414.08 1.06 6141.82]
(2025-09-04 10:58:41) thegrateminecra was flagged [Check: KillAuraB (HitBox)] [Violations: 1/8] [TPS: 18.78] [Ping: 9ms (high stability)] [Client: Fabric] [Location: world_the_end -11414.62 1.06 6142.01]
(2025-09-04 10:58:45) thegrateminecra was flagged [Check: KillAuraB (HitBox)] [Violations: 3/8] [TPS: 18.78] [Ping: 10ms (high stability)] [Client: Fabric] [Location: world_the_end -11414.88 1.00 6140.83]
(2025-09-04 10:59:15) thegrateminecra was flagged [Check: KillAuraB (HitBox)] [Violations: 4/8] [TPS: 20.00] [Ping: 8ms (high stability)] [Client: Fabric] [Location: world_the_end -11413.92 1.06 6141.99]
(2025-09-04 10:59:21) thegrateminecra was flagged [Check: KillAuraB (HitBox)] [Violations: 6/8] [TPS: 20.00] [Ping: 9ms (high stability)] [Client: Fabric] [Location: world_the_end -11416.07 1.06 6142.51]
(2025-09-04 10:59:28) thegrateminecra was flagged [Check: KillAuraB (HitBox)] [Violations: 7/8] [TPS: 20.00] [Ping: 8ms (high stability)] [Client: Fabric] [Location: world_the_end -11415.49 1.06 6142.26]
(2025-09-04 10:59:55) thegrateminecra was flagged [Check: KillAuraB (HitBox)] [Violations: 8/8] [TPS: 20.00] [Ping: 8ms (high stability)] [Client: Fabric] [Location: world_the_end -11414.69 1.06 6142.77]
(2025-09-04 10:59:55) thegrateminecra was flagged [Check: KillAuraB (HitBox)] [Violations: 1/8] [TPS: 20.00] [Ping: 8ms (high stability)] [Client: Fabric] [Location: world_the_end -11414.69 1.06 6142.77]
(2025-09-04 10:59:55) thegrateminecra was punished [Check: KillAuraB (HitBox)] [Violations: 8/8] [TPS: 20.00]  [Ping: 8ms (high stability)] [Client: Fabric] [Location: world_the_end -11414.69 1.06 6142.77]
(2025-09-04 11:00:00) thegrateminecra was flagged [Check: KillAuraB (HitBox)] [Violations: 2/8] [TPS: 20.00] [Ping: 8ms (high stability)] [Client: Fabric] [Location: world_the_end -11414.66 1.00 6140.95]
(2025-09-04 11:00:03) thegrateminecra was flagged [Check: KillAuraB (HitBox)] [Violations: 3/8] [TPS: 20.00] [Ping: 8ms (high stability)] [Client: Fabric] [Location: world_the_end -11414.65 1.00 6141.56]
(2025-09-04 11:01:44) thegrateminecra was flagged [Check: KillAuraB (HitBox)] [Violations: 1/8] [TPS: 20.00] [Ping: 8ms (high stability)] [Client: Fabric] [Location: world_the_end -11414.03 1.00 6140.59]
(2025-09-04 11:03:44) thegrateminecra was flagged [Check: KillAuraB (HitBox)] [Violations: 4/8] [TPS: 20.00] [Ping: 8ms (high stability)] [Client: Fabric] [Location: world_the_end -11414.23 1.00 6140.93]
(2025-09-04 11:04:18) thegrateminecra was flagged [Check: KillAuraB (HitBox)] [Violations: 6/8] [TPS: 20.00] [Ping: 8ms (high stability)] [Client: Fabric] [Location: world_the_end -11414.86 1.00 6141.20]
(2025-09-04 11:04:46) thegrateminecra was flagged [Check: KillAuraB (HitBox)] [Violations: 1/8] [TPS: 20.00] [Ping: 8ms (high stability)] [Client: Fabric] [Location: world_the_end -11414.65 1.00 6141.67]
(2025-09-04 11:06:17) thegrateminecra was flagged [Check: KillAuraB (HitBox)] [Violations: 3/8] [TPS: 20.00] [Ping: 50ms (high stability)] [Client: Fabric] [Location: world_the_end -11414.82 1.00 6141.56]
(2025-09-04 11:06:20) thegrateminecra was flagged [Check: KillAuraB (HitBox)] [Violations: 5/8] [TPS: 20.00] [Ping: 8ms (high stability)] [Client: Fabric] [Location: world_the_end -11414.74 1.06 6141.99]
(2025-09-04 11:08:04) thegrateminecra was flagged [Check: KillAuraB (HitBox)] [Violations: 1/8] [TPS: 20.00] [Ping: 8ms (high stability)] [Client: Fabric] [Location: world_the_end -11414.41 1.00 6141.26]
(2025-09-04 11:08:24) thegrateminecra was flagged [Check: KillAuraB (HitBox)] [Violations: 3/8] [TPS: 20.00] [Ping: 8ms (high stability)] [Client: Fabric] [Location: world_the_end -11414.09 1.00 6141.60]
(2025-09-04 11:08:28) thegrateminecra was flagged [Check: KillAuraB (HitBox)] [Violations: 5/8] [TPS: 20.00] [Ping: 8ms (high stability)] [Client: Fabric] [Location: world_the_end -11414.10 1.06 6142.02]
(2025-09-04 11:09:18) thegrateminecra was flagged [Check: KillAuraB (HitBox)] [Violations: 6/8] [TPS: 20.00] [Ping: 8ms (high stability)] [Client: Fabric] [Location: world_the_end -11414.18 1.00 6141.64]
(2025-09-04 11:09:19) thegrateminecra was punished [Check: KillAuraB (HitBox)] [Violations: 8/8] [TPS: 20.00]  [Ping: 8ms (high stability)] [Client: Fabric] [Location: world_the_end -11414.18 1.00 6141.64]
(2025-09-04 11:11:04) thegrateminecra was flagged [Check: KillAuraB (HitBox)] [Violations: 1/8] [TPS: 20.00] [Ping: 8ms (high stability)] [Client: Fabric] [Location: world_the_end -11414.14 1.06 6142.00]
(2025-09-04 11:11:06) thegrateminecra was flagged [Check: KillAuraB (HitBox)] [Violations: 3/8] [TPS: 20.00] [Ping: 8ms (high stability)] [Client: Fabric] [Location: world_the_end -11414.34 1.00 6141.60]
(2025-09-04 11:11:24) thegrateminecra was flagged [Check: KillAuraB (HitBox)] [Violations: 4/8] [TPS: 20.00] [Ping: 8ms (high stability)] [Client: Fabric] [Location: world_the_end -11414.13 1.06 6141.75]
(2025-09-04 11:11:25) thegrateminecra was flagged [Check: KillAuraB (HitBox)] [Violations: 5/8] [TPS: 20.00] [Ping: 8ms (high stability)] [Client: Fabric] [Location: world_the_end -11414.12 1.06 6142.39]
(2025-09-04 11:11:33) thegrateminecra was flagged [Check: KillAuraB (HitBox)] [Violations: 6/8] [TPS: 20.00] [Ping: 8ms (high stability)] [Client: Fabric] [Location: world_the_end -11414.76 1.00 6141.50]
(2025-09-04 11:13:31) thegrateminecra was flagged [Check: KillAuraB (HitBox)] [Violations: 1/8] [TPS: 20.00] [Ping: 8ms (high stability)] [Client: Fabric] [Location: world_the_end -11414.88 1.06 6142.37]
(2025-09-04 11:14:03) thegrateminecra was flagged [Check: KillAuraA (AimBot)] [Violations: 1/6] [TPS: 20.00] [Ping: 8ms (high stability)] [Client: Fabric] [Location: world_the_end -11415.34 1.06 6142.06]
