(2025-09-06 09:50:03) thegrateminecra was flagged [Check: FlightC (Vector)] [Violations: 1/40] [TPS: 20.00] [Ping: 11ms (high stability)] [Client: Fabric] [Location: world -25.18 81.75 -5.58]
(2025-09-06 10:35:32) thegrateminecra was flagged [Check: FlightC (Vector)] [Violations: 1/40] [TPS: 20.00] [Ping: 0ms (high stability)] [Client: Fabric] [Location: world 66.60 71.41 86.73]
(2025-09-06 10:35:33) thegrateminecra was flagged [Check: FlightC (Vector)] [Violations: 1/40] [TPS: 20.00] [Ping: 10ms (high stability)] [Client: Fabric] [Location: world 73.44 69.30 95.25]
(2025-09-06 10:35:33) thegrateminecra was punished [Check: FlightC (Vector)] [Violations: 40/40] [TPS: 20.00]  [Ping: 10ms (high stability)] [Client: Fabric] [Location: world 73.44 69.30 95.25]
(2025-09-06 13:00:08) thegrateminecra was flagged [Check: FastBreakA (MiningSpeed)] [Violations: 1/15] [TPS: 20.00] [Ping: 9ms (high stability)] [Client: Fabric] [Location: world -2560.76 73.00 942.23]
(2025-09-06 13:00:11) thegrateminecra was flagged [Check: FastBreakA (MiningSpeed)] [Violations: 5/15] [TPS: 20.00] [Ping: 9ms (high stability)] [Client: Fabric] [Location: world -2569.66 74.00 942.21]
(2025-09-06 13:00:12) thegrateminecra was flagged [Check: FastBreakA (MiningSpeed)] [Violations: 7/15] [TPS: 20.00] [Ping: 9ms (high stability)] [Client: Fabric] [Location: world -2574.95 74.00 944.95]
(2025-09-06 13:00:13) thegrateminecra was flagged [Check: FastBreakA (MiningSpeed)] [Violations: 12/15] [TPS: 20.00] [Ping: 9ms (high stability)] [Client: Fabric] [Location: world -2574.28 74.00 946.68]
(2025-09-06 13:00:14) thegrateminecra was punished [Check: FastBreakA (MiningSpeed)] [Violations: 15/15] [TPS: 20.00]  [Ping: 9ms (high stability)] [Client: Fabric] [Location: world -2573.84 74.00 944.85]
(2025-09-06 13:08:35) thegrateminecra was flagged [Check: LiquidWalkB (Jesus)] [Violations: 1/40] [TPS: 20.00] [Ping: 9ms (high stability)] [Client: Fabric] [Location: world -2796.34 63.17 1106.87]
(2025-09-06 13:08:39) thegrateminecra was flagged [Check: FlightC (Vector)] [Violations: 1/40] [TPS: 20.00] [Ping: 9ms (high stability)] [Client: Fabric] [Location: world -2795.92 63.00 1106.83]
(2025-09-06 13:09:14) thegrateminecra was flagged [Check: LiquidWalkA (Jesus)] [Violations: 17/40] [TPS: 20.00] [Ping: 9ms (high stability)] [Client: Fabric] [Location: world -2800.41 63.00 1103.86]
(2025-09-06 13:09:19) thegrateminecra was flagged [Check: LiquidWalkB (Jesus)] [Violations: 3/40] [TPS: 20.00] [Ping: 9ms (high stability)] [Client: Fabric] [Location: world -2805.97 63.55 1100.39]
(2025-09-06 16:26:46) thegrateminecra was flagged [Check: ElytraB (Acceleration)] [Violations: 1/40] [TPS: 20.00] [Ping: 8ms (high stability)] [Client: Fabric] [Location: world -799.04 63.84 1133.58]
(2025-09-06 16:26:47) thegrateminecra was flagged [Check: ElytraB (Acceleration)] [Violations: 8/40] [TPS: 20.00] [Ping: 8ms (high stability)] [Client: Fabric] [Location: world -771.97 64.30 1145.06]
(2025-09-06 16:26:48) thegrateminecra was flagged [Check: ElytraB (Acceleration)] [Violations: 16/40] [TPS: 20.00] [Ping: 8ms (high stability)] [Client: Fabric] [Location: world -751.98 67.15 1154.55]
(2025-09-06 16:27:16) thegrateminecra was flagged [Check: LiquidWalkA (Jesus)] [Violations: 1/40] [TPS: 20.00] [Ping: 9ms (high stability)] [Client: Fabric] [Location: world -650.25 63.00 1348.32]
(2025-09-06 16:27:18) thegrateminecra was flagged [Check: LiquidWalkA (Jesus)] [Violations: 9/40] [TPS: 20.00] [Ping: 9ms (high stability)] [Client: Fabric] [Location: world -650.05 63.00 1350.09]
(2025-09-06 16:27:19) thegrateminecra was flagged [Check: LiquidWalkB (Jesus)] [Violations: 3/40] [TPS: 20.00] [Ping: 9ms (high stability)] [Client: Fabric] [Location: world -649.43 63.12 1357.12]
(2025-09-06 16:27:20) thegrateminecra was flagged [Check: SpeedC (Prediction)] [Violations: 5/40] [TPS: 20.00] [Ping: 9ms (high stability)] [Client: Fabric] [Location: world -648.70 64.02 1364.63]
(2025-09-06 16:27:23) thegrateminecra was flagged [Check: FlightC (Vector)] [Violations: 1/40] [TPS: 20.00] [Ping: 8ms (high stability)] [Client: Fabric] [Location: world -648.60 63.12 1365.58]
(2025-09-06 16:27:24) thegrateminecra was flagged [Check: FlightC (Vector)] [Violations: 24/40] [TPS: 20.00] [Ping: 8ms (high stability)] [Client: Fabric] [Location: world -648.60 63.12 1365.58]
(2025-09-06 16:27:24) thegrateminecra was flagged [Check: FlightC (Vector)] [Violations: 1/40] [TPS: 20.00] [Ping: 8ms (high stability)] [Client: Fabric] [Location: world -648.60 63.12 1365.58]
(2025-09-06 16:27:26) thegrateminecra was flagged [Check: LiquidWalkB (Jesus)] [Violations: 1/40] [TPS: 20.00] [Ping: 8ms (high stability)] [Client: Fabric] [Location: world -648.13 63.17 1369.85]
(2025-09-06 16:27:27) thegrateminecra was flagged [Check: LiquidWalkB (Jesus)] [Violations: 5/40] [TPS: 20.00] [Ping: 8ms (high stability)] [Client: Fabric] [Location: world -647.84 63.17 1374.48]
(2025-09-06 16:27:31) thegrateminecra was flagged [Check: LiquidWalkA (Jesus)] [Violations: 1/40] [TPS: 20.00] [Ping: 10ms (high stability)] [Client: Fabric] [Location: world -647.79 63.00 1380.46]
(2025-09-06 16:27:33) thegrateminecra was flagged [Check: LiquidWalkB (Jesus)] [Violations: 11/40] [TPS: 20.00] [Ping: 10ms (high stability)] [Client: Fabric] [Location: world -647.27 63.12 1388.71]
(2025-09-06 16:27:34) thegrateminecra was flagged [Check: SpeedC (Prediction)] [Violations: 11/40] [TPS: 20.00] [Ping: 9ms (high stability)] [Client: Fabric] [Location: world -646.76 64.02 1396.26]
(2025-09-06 16:27:35) thegrateminecra was flagged [Check: SpeedC (Prediction)] [Violations: 26/40] [TPS: 20.00] [Ping: 9ms (high stability)] [Client: Fabric] [Location: world -645.98 64.25 1403.77]
(2025-09-06 16:27:36) thegrateminecra was punished [Check: SpeedC (Prediction)] [Violations: 40/40] [TPS: 20.00]  [Ping: 9ms (high stability)] [Client: Fabric] [Location: world -645.33 63.80 1409.32]
(2025-09-06 16:27:46) thegrateminecra was flagged [Check: LiquidWalkA (Jesus)] [Violations: 1/40] [TPS: 20.00] [Ping: 9ms (high stability)] [Client: Fabric] [Location: world -645.15 63.42 1410.47]
(2025-09-06 16:27:47) thegrateminecra was flagged [Check: SpeedC (Prediction)] [Violations: 7/40] [TPS: 20.00] [Ping: 9ms (high stability)] [Client: Fabric] [Location: world -644.53 63.75 1418.60]
(2025-09-06 16:27:48) thegrateminecra was flagged [Check: SpeedC (Prediction)] [Violations: 25/40] [TPS: 20.00] [Ping: 9ms (high stability)] [Client: Fabric] [Location: world -644.34 63.75 1427.12]
(2025-09-06 16:27:49) thegrateminecra was flagged [Check: LiquidWalkA (Jesus)] [Violations: 9/40] [TPS: 20.00] [Ping: 9ms (high stability)] [Client: Fabric] [Location: world -644.27 63.00 1433.80]
(2025-09-06 16:27:51) thegrateminecra was flagged [Check: SpeedC (Prediction)] [Violations: 38/40] [TPS: 20.00] [Ping: 9ms (high stability)] [Client: Fabric] [Location: world -644.07 64.00 1440.38]
(2025-09-06 16:27:51) thegrateminecra was punished [Check: SpeedC (Prediction)] [Violations: 40/40] [TPS: 20.00]  [Ping: 9ms (high stability)] [Client: Fabric] [Location: world -644.05 64.17 1440.72]
(2025-09-06 16:27:58) thegrateminecra was flagged [Check: LiquidWalkA (Jesus)] [Violations: 1/40] [TPS: 20.00] [Ping: 9ms (high stability)] [Client: Fabric] [Location: world -644.02 63.42 1441.34]
(2025-09-06 16:28:00) thegrateminecra was flagged [Check: LiquidWalkB (Jesus)] [Violations: 1/40] [TPS: 20.00] [Ping: 9ms (high stability)] [Client: Fabric] [Location: world -643.75 63.12 1446.06]
(2025-09-06 16:28:04) thegrateminecra was flagged [Check: LiquidWalkB (Jesus)] [Violations: 4/40] [TPS: 20.00] [Ping: 9ms (high stability)] [Client: Fabric] [Location: world -643.12 63.12 1452.18]
(2025-09-06 16:28:05) thegrateminecra was flagged [Check: SpeedC (Prediction)] [Violations: 12/40] [TPS: 20.00] [Ping: 10ms (high stability)] [Client: Fabric] [Location: world -642.27 64.02 1459.50]
(2025-09-06 16:28:15) thegrateminecra was flagged [Check: LiquidWalkB (Jesus)] [Violations: 9/40] [TPS: 20.00] [Ping: 9ms (high stability)] [Client: Fabric] [Location: world -640.46 63.00 1473.13]
(2025-09-06 16:28:16) thegrateminecra was flagged [Check: SpeedC (Prediction)] [Violations: 26/40] [TPS: 20.00] [Ping: 9ms (high stability)] [Client: Fabric] [Location: world -639.54 63.80 1480.44]
(2025-09-06 16:28:20) thegrateminecra was flagged [Check: SpeedC (Prediction)] [Violations: 28/40] [TPS: 20.00] [Ping: 9ms (high stability)] [Client: Fabric] [Location: world -639.39 63.47 1481.96]
(2025-09-06 16:28:21) thegrateminecra was flagged [Check: LiquidWalkB (Jesus)] [Violations: 15/40] [TPS: 20.00] [Ping: 9ms (high stability)] [Client: Fabric] [Location: world -639.39 63.12 1485.55]
(2025-09-06 16:28:27) thegrateminecra was flagged [Check: SpeedC (Prediction)] [Violations: 29/40] [TPS: 20.00] [Ping: 9ms (high stability)] [Client: Fabric] [Location: world -631.85 64.00 1500.15]
(2025-09-06 16:28:27) thegrateminecra was punished [Check: SpeedC (Prediction)] [Violations: 40/40] [TPS: 20.00]  [Ping: 9ms (high stability)] [Client: Fabric] [Location: world -629.11 64.25 1504.59]
(2025-09-06 16:28:27) thegrateminecra was flagged [Check: SpeedC (Prediction)] [Violations: 1/40] [TPS: 20.00] [Ping: 9ms (high stability)] [Client: Fabric] [Location: world -629.11 64.25 1504.59]
(2025-09-06 16:28:31) thegrateminecra was flagged [Check: LiquidWalkA (Jesus)] [Violations: 1/40] [TPS: 19.99] [Ping: 9ms (high stability)] [Client: Fabric] [Location: world -625.79 63.47 1509.46]
(2025-09-06 16:28:33) thegrateminecra was flagged [Check: LiquidWalkB (Jesus)] [Violations: 3/40] [TPS: 19.99] [Ping: 9ms (high stability)] [Client: Fabric] [Location: world -622.69 63.12 1515.23]
(2025-09-06 16:28:34) thegrateminecra was flagged [Check: LiquidWalkA (Jesus)] [Violations: 10/40] [TPS: 19.99] [Ping: 9ms (high stability)] [Client: Fabric] [Location: world -619.78 63.05 1521.55]
(2025-09-06 16:28:35) thegrateminecra was flagged [Check: SpeedC (Prediction)] [Violations: 11/40] [TPS: 20.00] [Ping: 9ms (high stability)] [Client: Fabric] [Location: world -617.06 63.00 1527.87]
(2025-09-06 16:28:39) thegrateminecra was flagged [Check: SpeedC (Prediction)] [Violations: 13/40] [TPS: 20.00] [Ping: 9ms (high stability)] [Client: Fabric] [Location: world -610.55 63.75 1541.85]
(2025-09-06 16:28:41) thegrateminecra was flagged [Check: SpeedC (Prediction)] [Violations: 15/40] [TPS: 20.00] [Ping: 9ms (high stability)] [Client: Fabric] [Location: world -602.08 63.75 1544.16]
(2025-09-06 16:28:42) thegrateminecra was flagged [Check: SpeedC (Prediction)] [Violations: 31/40] [TPS: 20.00] [Ping: 9ms (high stability)] [Client: Fabric] [Location: world -593.64 63.75 1544.14]
(2025-09-06 16:28:54) thegrateminecra was flagged [Check: SpeedC (Prediction)] [Violations: 1/40] [TPS: 20.00] [Ping: 9ms (high stability)] [Client: Fabric] [Location: world -576.70 63.80 1571.12]
(2025-09-06 16:28:54) thegrateminecra was flagged [Check: SpeedC (Prediction)] [Violations: 40/40] [TPS: 20.00] [Ping: 9ms (high stability)] [Client: Fabric] [Location: world -576.70 63.80 1571.12]
(2025-09-06 16:28:54) thegrateminecra was punished [Check: SpeedC (Prediction)] [Violations: 40/40] [TPS: 20.00]  [Ping: 9ms (high stability)] [Client: Fabric] [Location: world -576.70 63.80 1571.12]
(2025-09-06 16:28:58) thegrateminecra was flagged [Check: SpeedC (Prediction)] [Violations: 3/40] [TPS: 20.00] [Ping: 0ms (high stability)] [Client: Fabric] [Location: world -576.49 63.75 1572.62]
(2025-09-06 16:28:59) thegrateminecra was flagged [Check: LiquidWalkB (Jesus)] [Violations: 3/40] [TPS: 20.00] [Ping: 10ms (high stability)] [Client: Fabric] [Location: world -575.73 63.17 1579.20]
(2025-09-06 16:29:02) thegrateminecra was flagged [Check: LiquidWalkA (Jesus)] [Violations: 13/40] [TPS: 20.00] [Ping: 9ms (high stability)] [Client: Fabric] [Location: world -575.21 63.00 1584.27]
(2025-09-06 16:29:03) thegrateminecra was flagged [Check: LiquidWalkA (Jesus)] [Violations: 34/40] [TPS: 20.00] [Ping: 9ms (high stability)] [Client: Fabric] [Location: world -574.54 63.00 1589.91]
(2025-09-06 16:29:03) thegrateminecra was punished [Check: LiquidWalkA (Jesus)] [Violations: 40/40] [TPS: 20.00]  [Ping: 9ms (high stability)] [Client: Fabric] [Location: world -574.35 63.05 1591.58]
(2025-09-06 16:29:10) thegrateminecra was flagged [Check: SpeedC (Prediction)] [Violations: 1/40] [TPS: 20.00] [Ping: 9ms (high stability)] [Client: Fabric] [Location: world -574.43 64.25 1602.46]
(2025-09-06 16:29:12) thegrateminecra was flagged [Check: SpeedC (Prediction)] [Violations: 17/40] [TPS: 20.00] [Ping: 9ms (high stability)] [Client: Fabric] [Location: world -574.84 63.75 1613.88]
(2025-09-06 16:29:34) thegrateminecra was flagged [Check: LiquidWalkA (Jesus)] [Violations: 1/40] [TPS: 20.00] [Ping: 9ms (high stability)] [Client: Fabric] [Location: world -561.23 63.00 1809.55]
(2025-09-06 16:29:54) thegrateminecra was flagged [Check: FlightC (Vector)] [Violations: 1/40] [TPS: 20.00] [Ping: 9ms (high stability)] [Client: Fabric] [Location: world -553.59 63.00 2111.71]
(2025-09-06 16:30:09) thegrateminecra was flagged [Check: LiquidWalkA (Jesus)] [Violations: 6/40] [TPS: 20.00] [Ping: 9ms (high stability)] [Client: Fabric] [Location: world -536.78 63.00 2187.12]
(2025-09-06 16:36:44) thegrateminecra was flagged [Check: LiquidWalkA (Jesus)] [Violations: 1/40] [TPS: 20.00] [Ping: 9ms (high stability)] [Client: Fabric] [Location: world -1395.30 63.00 3685.57]
(2025-09-06 16:36:46) thegrateminecra was flagged [Check: LiquidWalkB (Jesus)] [Violations: 1/40] [TPS: 20.00] [Ping: 9ms (high stability)] [Client: Fabric] [Location: world -1396.98 63.17 3686.05]
(2025-09-06 16:36:47) thegrateminecra was flagged [Check: LiquidWalkB (Jesus)] [Violations: 7/40] [TPS: 20.00] [Ping: 9ms (high stability)] [Client: Fabric] [Location: world -1404.95 63.12 3688.50]
(2025-09-06 16:36:54) thegrateminecra was flagged [Check: SpeedC (Prediction)] [Violations: 1/40] [TPS: 20.00] [Ping: 9ms (high stability)] [Client: Fabric] [Location: world -1415.71 64.18 3690.74]
(2025-09-06 16:36:56) thegrateminecra was flagged [Check: SpeedC (Prediction)] [Violations: 16/40] [TPS: 20.00] [Ping: 9ms (high stability)] [Client: Fabric] [Location: world -1423.11 64.17 3691.81]
(2025-09-06 16:36:59) thegrateminecra was flagged [Check: LiquidWalkA (Jesus)] [Violations: 4/40] [TPS: 20.00] [Ping: 9ms (high stability)] [Client: Fabric] [Location: world -1430.87 63.05 3692.92]
(2025-09-06 16:37:30) thegrateminecra was flagged [Check: LiquidWalkA (Jesus)] [Violations: 17/40] [TPS: 20.00] [Ping: 9ms (high stability)] [Client: Fabric] [Location: world -1806.22 63.00 3707.06]
(2025-09-06 16:38:02) thegrateminecra was flagged [Check: SpeedC (Prediction)] [Violations: 32/40] [TPS: 20.00] [Ping: 9ms (high stability)] [Client: Fabric] [Location: world -2100.70 67.75 3848.96]
