(2025-09-03 11:25:17) thegrateminecra was flagged [Check: FlightB (Height)] [Violations: 1/40] [TPS: 20.00] [Ping: 2ms (high stability)] [Client: Fabric] [Location: world -933.67 73.70 -214.61]
(2025-09-03 11:25:18) thegrateminecra was flagged [Check: SpeedC (Prediction)] [Violations: 3/40] [TPS: 20.00] [Ping: 2ms (high stability)] [Client: Fabric] [Location: world -921.51 84.11 -207.94]
(2025-09-03 11:25:19) thegrateminecra was punished [Check: FlightB (Height)] [Violations: 40/40] [TPS: 20.00]  [Ping: 2ms (high stability)] [Client: Fabric] [Location: world -913.85 98.36 -192.42]
(2025-09-03 11:25:19) thegrateminecra was flagged [Check: SpeedC (Prediction)] [Violations: 1/40] [TPS: 20.00] [Ping: 2ms (high stability)] [Client: Fabric] [Location: world -913.85 98.36 -192.42]
(2025-09-03 11:25:30) thegrateminecra was flagged [Check: SpeedC (Prediction)] [Violations: 3/40] [TPS: 20.00] [Ping: 0ms (high stability)] [Client: Fabric] [Location: world -927.68 70.75 -200.09]
(2025-09-03 11:25:31) thegrateminecra was flagged [Check: SpeedC (Prediction)] [Violations: 6/40] [TPS: 20.00] [Ping: 0ms (high stability)] [Client: Fabric] [Location: world -932.83 71.75 -205.73]
(2025-09-03 11:32:11) thegrateminecra was flagged [Check: FlightA (Acceleration)] [Violations: 1/40] [TPS: 20.00] [Ping: 2ms (high stability)] [Client: Fabric] [Location: world_the_end -11412.62 4.13 6141.80]
(2025-09-03 11:32:24) thegrateminecra was flagged [Check: FlightB (Height)] [Violations: 1/40] [TPS: 20.00] [Ping: 8ms (high stability)] [Client: Fabric] [Location: world_the_end -11414.42 5.98 6142.70]
(2025-09-03 11:32:25) thegrateminecra was flagged [Check: FlightB (Height)] [Violations: 23/40] [TPS: 20.00] [Ping: 8ms (high stability)] [Client: Fabric] [Location: world_the_end -11414.40 11.98 6142.70]
(2025-09-03 11:32:26) thegrateminecra was punished [Check: FlightB (Height)] [Violations: 40/40] [TPS: 20.00]  [Ping: 8ms (high stability)] [Client: Fabric] [Location: world_the_end -11414.40 17.31 6142.70]
(2025-09-03 11:32:26) thegrateminecra was flagged [Check: FlightB (Height)] [Violations: 1/40] [TPS: 20.00] [Ping: 8ms (high stability)] [Client: Fabric] [Location: world_the_end -11414.40 17.31 6142.70]
(2025-09-03 11:32:41) thegrateminecra was flagged [Check: FlightA (Acceleration)] [Violations: 1/40] [TPS: 20.00] [Ping: 0ms (high stability)] [Client: Fabric] [Location: world_the_end -11416.32 4.67 6144.17]
(2025-09-03 11:32:57) thegrateminecra was flagged [Check: FlightA (Acceleration)] [Violations: 5/40] [TPS: 20.00] [Ping: 2ms (high stability)] [Client: Fabric] [Location: world_the_end -11415.70 3.11 6144.63]
(2025-09-03 11:33:43) thegrateminecra was flagged [Check: FlightA (Acceleration)] [Violations: 16/40] [TPS: 20.00] [Ping: 2ms (high stability)] [Client: Fabric] [Location: world_the_end -11413.79 6.77 6143.48]
(2025-09-03 11:33:50) thegrateminecra was flagged [Check: FlightA (Acceleration)] [Violations: 27/40] [TPS: 20.00] [Ping: 6ms (high stability)] [Client: Fabric] [Location: world_the_end -11413.30 9.53 6143.74]
(2025-09-03 11:34:03) thegrateminecra was flagged [Check: FlightA (Acceleration)] [Violations: 1/40] [TPS: 20.00] [Ping: 6ms (high stability)] [Client: Fabric] [Location: world_the_end -11414.03 12.38 6144.28]
(2025-09-03 11:34:12) thegrateminecra was flagged [Check: FlightA (Acceleration)] [Violations: 10/40] [TPS: 20.00] [Ping: 6ms (high stability)] [Client: Fabric] [Location: world_the_end -11414.70 14.69 6144.16]
(2025-09-03 11:34:13) thegrateminecra was flagged [Check: FlightA (Acceleration)] [Violations: 20/40] [TPS: 20.00] [Ping: 6ms (high stability)] [Client: Fabric] [Location: world_the_end -11414.44 14.07 6144.65]
(2025-09-03 11:34:21) thegrateminecra was flagged [Check: FlightA (Acceleration)] [Violations: 36/40] [TPS: 20.00] [Ping: 2ms (high stability)] [Client: Fabric] [Location: world_the_end -11415.39 17.85 6144.10]
(2025-09-03 11:34:21) thegrateminecra was punished [Check: FlightA (Acceleration)] [Violations: 40/40] [TPS: 20.00]  [Ping: 2ms (high stability)] [Client: Fabric] [Location: world_the_end -11415.58 18.27 6144.26]
(2025-09-03 11:34:25) thegrateminecra was flagged [Check: FlightA (Acceleration)] [Violations: 1/40] [TPS: 20.00] [Ping: 0ms (high stability)] [Client: Fabric] [Location: world_the_end -11415.53 16.63 6144.57]
(2025-09-03 11:34:39) thegrateminecra was flagged [Check: FlightA (Acceleration)] [Violations: 13/40] [TPS: 20.00] [Ping: 2ms (high stability)] [Client: Fabric] [Location: world_the_end -11414.16 21.70 6140.53]
(2025-09-03 11:34:45) thegrateminecra was flagged [Check: FlightA (Acceleration)] [Violations: 21/40] [TPS: 20.00] [Ping: 2ms (high stability)] [Client: Fabric] [Location: world_the_end -11414.30 24.18 6143.08]
(2025-09-03 11:34:53) thegrateminecra was flagged [Check: FlightA (Acceleration)] [Violations: 29/40] [TPS: 20.00] [Ping: 2ms (high stability)] [Client: Fabric] [Location: world_the_end -11413.30 27.90 6143.60]
(2025-09-03 11:34:53) thegrateminecra was punished [Check: FlightA (Acceleration)] [Violations: 40/40] [TPS: 20.00]  [Ping: 2ms (high stability)] [Client: Fabric] [Location: world_the_end -11413.04 28.87 6143.34]
(2025-09-03 11:34:53) thegrateminecra was flagged [Check: FlightB (Height)] [Violations: 1/40] [TPS: 20.00] [Ping: 2ms (high stability)] [Client: Fabric] [Location: world_the_end -11413.04 28.87 6143.34]
(2025-09-03 11:35:03) thegrateminecra was flagged [Check: FlightA (Acceleration)] [Violations: 1/40] [TPS: 20.00] [Ping: 2ms (high stability)] [Client: Fabric] [Location: world_the_end -11411.70 30.65 6143.28]
(2025-09-03 11:35:11) thegrateminecra was flagged [Check: FlightA (Acceleration)] [Violations: 10/40] [TPS: 20.00] [Ping: 2ms (high stability)] [Client: Fabric] [Location: world_the_end -11413.30 34.18 6143.36]
(2025-09-03 11:35:20) thegrateminecra was flagged [Check: FlightA (Acceleration)] [Violations: 15/40] [TPS: 20.00] [Ping: 2ms (high stability)] [Client: Fabric] [Location: world_the_end -11413.61 37.35 6142.25]
(2025-09-03 11:35:28) thegrateminecra was flagged [Check: FlightA (Acceleration)] [Violations: 21/40] [TPS: 20.00] [Ping: 3ms (high stability)] [Client: Fabric] [Location: world_the_end -11413.30 38.66 6143.10]
(2025-09-03 11:36:03) thegrateminecra was flagged [Check: FlightA (Acceleration)] [Violations: 37/40] [TPS: 20.00] [Ping: 2ms (high stability)] [Client: Fabric] [Location: world_the_end -11415.42 42.18 6143.01]
(2025-09-03 11:36:04) thegrateminecra was punished [Check: FlightA (Acceleration)] [Violations: 40/40] [TPS: 20.00]  [Ping: 2ms (high stability)] [Client: Fabric] [Location: world_the_end -11415.70 42.77 6142.87]
(2025-09-03 11:36:04) thegrateminecra was flagged [Check: FlightA (Acceleration)] [Violations: 1/40] [TPS: 20.00] [Ping: 2ms (high stability)] [Client: Fabric] [Location: world_the_end -11415.70 42.77 6142.87]
(2025-09-03 11:36:32) thegrateminecra was flagged [Check: ElytraC (Takeoff)] [Violations: 1/12] [TPS: 20.00] [Ping: 2ms (high stability)] [Client: Fabric] [Location: world_the_end -11425.37 -5.58 6125.97]
(2025-09-03 11:38:03) thegrateminecra was flagged [Check: ItemSwapA (WhileWalking)] [Violations: 1/4] [TPS: 20.00] [Ping: 2ms (high stability)] [Client: Fabric] [Location: world_the_end -11423.58 44.00 6152.08]
(2025-09-03 11:38:14) thegrateminecra was flagged [Check: ItemSwapA (WhileWalking)] [Violations: 3/4] [TPS: 20.00] [Ping: 7ms (high stability)] [Client: Fabric] [Location: world_the_end -11409.32 44.00 6157.47]
(2025-09-03 11:38:24) thegrateminecra was flagged [Check: ElytraC (Takeoff)] [Violations: 1/12] [TPS: 20.00] [Ping: 2ms (high stability)] [Client: Fabric] [Location: world_the_end -11411.59 -1.30 6127.91]
(2025-09-03 13:46:54) thegrateminecra was flagged [Check: ItemSwapA (WhileWalking)] [Violations: 1/4] [TPS: 20.00] [Ping: 9ms (high stability)] [Client: Fabric] [Location: world_the_end -11465.15 68.00 6115.02]
(2025-09-03 13:46:55) thegrateminecra was flagged [Check: ItemSwapA (WhileWalking)] [Violations: 4/4] [TPS: 20.00] [Ping: 9ms (high stability)] [Client: Fabric] [Location: world_the_end -11463.67 68.00 6111.21]
(2025-09-03 13:46:55) thegrateminecra was punished [Check: ItemSwapA (WhileWalking)] [Violations: 4/4] [TPS: 20.00]  [Ping: 9ms (high stability)] [Client: Fabric] [Location: world_the_end -11463.67 68.00 6111.21]
(2025-09-03 13:49:19) thegrateminecra was flagged [Check: ItemSwapA (WhileWalking)] [Violations: 1/4] [TPS: 20.00] [Ping: 9ms (high stability)] [Client: Fabric] [Location: world_the_end -11273.38 59.00 6117.74]
(2025-09-03 13:49:34) thegrateminecra was flagged [Check: ItemSwapA (WhileWalking)] [Violations: 4/4] [TPS: 20.00] [Ping: 9ms (high stability)] [Client: Fabric] [Location: world_the_end -11272.04 61.00 6138.57]
(2025-09-03 13:49:34) thegrateminecra was punished [Check: ItemSwapA (WhileWalking)] [Violations: 4/4] [TPS: 20.00]  [Ping: 9ms (high stability)] [Client: Fabric] [Location: world_the_end -11272.04 61.00 6138.57]
(2025-09-03 13:49:37) thegrateminecra was flagged [Check: ItemSwapA (WhileWalking)] [Violations: 1/4] [TPS: 20.00] [Ping: 0ms (high stability)] [Client: Fabric] [Location: world_the_end -11271.01 61.00 6139.65]
(2025-09-03 14:04:05) thegrateminecra was flagged [Check: KillAuraD (Impossible)] [Violations: 1/5] [TPS: 20.00] [Ping: 9ms (high stability)] [Client: Fabric] [Location: world_the_end -11414.44 1.00 6141.52]
(2025-09-03 14:04:35) thegrateminecra was flagged [Check: FlightC (Vector)] [Violations: 1/40] [TPS: 20.00] [Ping: 9ms (high stability)] [Client: Fabric] [Location: world_the_end -11426.38 8.13 6134.70]
(2025-09-03 14:04:36) thegrateminecra was flagged [Check: SpeedA (Horizontal)] [Violations: 20/30] [TPS: 20.00] [Ping: 9ms (high stability)] [Client: Fabric] [Location: world_the_end -11463.43 22.34 6135.56]
(2025-09-03 14:04:37) thegrateminecra was flagged [Check: SpeedC (Prediction)] [Violations: 1/40] [TPS: 20.00] [Ping: 9ms (high stability)] [Client: Fabric] [Location: world_the_end -11483.35 30.63 6141.54]
(2025-09-03 14:04:37) thegrateminecra was punished [Check: SpeedA (Horizontal)] [Violations: 30/30] [TPS: 20.00]  [Ping: 9ms (high stability)] [Client: Fabric] [Location: world_the_end -11483.35 30.63 6141.54]
(2025-09-03 14:04:42) thegrateminecra was flagged [Check: SpeedC (Prediction)] [Violations: 3/40] [TPS: 20.00] [Ping: 0ms (high stability)] [Client: Fabric] [Location: world_the_end -11485.30 29.80 6143.33]
(2025-09-03 14:04:43) thegrateminecra was flagged [Check: SpeedC (Prediction)] [Violations: 24/40] [TPS: 20.00] [Ping: 0ms (high stability)] [Client: Fabric] [Location: world_the_end -11492.85 39.00 6156.27]
(2025-09-03 14:04:44) thegrateminecra was punished [Check: SpeedC (Prediction)] [Violations: 40/40] [TPS: 20.00]  [Ping: 9ms (high stability)] [Client: Fabric] [Location: world_the_end -11495.68 42.36 6168.32]
(2025-09-03 14:04:44) thegrateminecra was flagged [Check: FlightA (Acceleration)] [Violations: 1/40] [TPS: 20.00] [Ping: 9ms (high stability)] [Client: Fabric] [Location: world_the_end -11495.68 42.36 6168.32]
(2025-09-03 14:05:10) thegrateminecra was flagged [Check: KillAuraD (Impossible)] [Violations: 1/5] [TPS: 20.00] [Ping: 9ms (high stability)] [Client: Fabric] [Location: world_the_end -11414.18 1.06 6142.04]
(2025-09-03 14:05:13) thegrateminecra was flagged [Check: KillAuraD (Impossible)] [Violations: 3/5] [TPS: 20.00] [Ping: 9ms (high stability)] [Client: Fabric] [Location: world_the_end -11414.10 1.06 6141.98]
(2025-09-03 14:07:10) thegrateminecra was flagged [Check: KillAuraD (Impossible)] [Violations: 4/5] [TPS: 20.00] [Ping: 9ms (high stability)] [Client: Fabric] [Location: world_the_end -11415.79 1.06 6141.86]
(2025-09-03 14:07:10) thegrateminecra was punished [Check: KillAuraD (Impossible)] [Violations: 5/5] [TPS: 20.00]  [Ping: 9ms (high stability)] [Client: Fabric] [Location: world_the_end -11415.79 1.06 6141.86]
(2025-09-03 14:08:59) thegrateminecra was flagged [Check: KillAuraD (Impossible)] [Violations: 1/5] [TPS: 20.00] [Ping: 9ms (high stability)] [Client: Fabric] [Location: world_the_end -11415.73 1.06 6141.80]
(2025-09-03 14:09:01) thegrateminecra was flagged [Check: KillAuraD (Impossible)] [Violations: 3/5] [TPS: 20.00] [Ping: 9ms (high stability)] [Client: Fabric] [Location: world_the_end -11415.24 1.06 6142.11]
(2025-09-03 14:09:02) thegrateminecra was flagged [Check: KillAuraD (Impossible)] [Violations: 4/5] [TPS: 20.00] [Ping: 9ms (high stability)] [Client: Fabric] [Location: world_the_end -11415.22 1.06 6142.76]
(2025-09-03 14:10:12) thegrateminecra was flagged [Check: KillAuraD (Impossible)] [Violations: 1/5] [TPS: 20.00] [Ping: 9ms (high stability)] [Client: Fabric] [Location: world_the_end -11415.88 1.06 6141.87]
(2025-09-03 14:10:12) thegrateminecra was punished [Check: KillAuraD (Impossible)] [Violations: 5/5] [TPS: 20.00]  [Ping: 9ms (high stability)] [Client: Fabric] [Location: world_the_end -11415.88 1.06 6141.87]
(2025-09-03 14:10:12) thegrateminecra was flagged [Check: KillAuraD (Impossible)] [Violations: 5/5] [TPS: 20.00] [Ping: 9ms (high stability)] [Client: Fabric] [Location: world_the_end -11415.88 1.06 6141.87]
(2025-09-03 14:10:15) thegrateminecra was flagged [Check: KillAuraD (Impossible)] [Violations: 2/5] [TPS: 20.00] [Ping: 0ms (high stability)] [Client: Fabric] [Location: world_the_end -11415.56 1.06 6142.11]
(2025-09-03 14:47:07) Smactus was flagged [Check: FlightC (Vector)] [Violations: 1/40] [TPS: 20.00] [Ping: 42ms (high stability)] [Client: Vanilla] [Location: world -941.86 72.00 -217.21]
(2025-09-03 15:00:40) thegrateminecra was flagged [Check: CriticalsA (Packet)] [Violations: 1/1] [TPS: 20.00] [Ping: 9ms (high stability)] [Client: Fabric] [Location: world -998.02 83.75 -223.49]
(2025-09-03 15:00:40) thegrateminecra was flagged [Check: CriticalsA (Packet)] [Violations: 1/1] [TPS: 20.00] [Ping: 9ms (high stability)] [Client: Fabric] [Location: world -998.02 83.75 -223.49]
(2025-09-03 15:00:40) thegrateminecra was punished [Check: CriticalsA (Packet)] [Violations: 1/1] [TPS: 20.00]  [Ping: 9ms (high stability)] [Client: Fabric] [Location: world -998.02 83.75 -223.49]
(2025-09-03 15:00:40) thegrateminecra was punished [Check: CriticalsA (Packet)] [Violations: 1/1] [TPS: 20.00]  [Ping: 9ms (high stability)] [Client: Fabric] [Location: world -998.02 83.75 -223.49]
(2025-09-03 15:00:49) thegrateminecra was flagged [Check: CriticalsA (Packet)] [Violations: 1/1] [TPS: 20.00] [Ping: 9ms (high stability)] [Client: Fabric] [Location: world -997.73 86.00 -219.53]
(2025-09-03 15:00:49) thegrateminecra was punished [Check: CriticalsA (Packet)] [Violations: 1/1] [TPS: 20.00]  [Ping: 9ms (high stability)] [Client: Fabric] [Location: world -997.73 86.00 -219.53]
(2025-09-03 16:21:19) thegrateminecra was flagged [Check: ReachB (Hitbox)] [Violations: 1/6] [TPS: 20.00] [Ping: 8ms (high stability)] [Client: Fabric] [Location: world -1114.64 86.00 -213.47]
(2025-09-03 16:47:44) killerzombie570 was flagged [Check: KillAuraD (Impossible)] [Violations: 1/5] [TPS: 20.00] [Ping: 140ms (high stability)] [Client: Fabric] [Location: world_the_end -11414.39 1.00 6141.45]
(2025-09-03 16:47:45) killerzombie570 was flagged [Check: KillAuraD (Impossible)] [Violations: 3/5] [TPS: 20.00] [Ping: 140ms (high stability)] [Client: Fabric] [Location: world_the_end -11414.40 1.06 6142.28]
(2025-09-03 16:50:17) thegrateminecra was flagged [Check: KillAuraD (Impossible)] [Violations: 1/5] [TPS: 20.00] [Ping: 8ms (high stability)] [Client: Fabric] [Location: world_the_end -11414.59 1.00 6141.56]
(2025-09-03 16:53:25) killerzombie570 was flagged [Check: FlightC (Vector)] [Violations: 1/40] [TPS: 20.00] [Ping: 144ms (high stability)] [Client: Fabric] [Location: world_nether -1004.13 51.25 -1058.07]
(2025-09-03 17:20:30) thegrateminecra was flagged [Check: KillAuraD (Impossible)] [Violations: 1/5] [TPS: 20.00] [Ping: 8ms (high stability)] [Client: Fabric] [Location: world_the_end -11414.39 1.00 6141.43]
(2025-09-03 17:20:33) thegrateminecra was flagged [Check: KillAuraD (Impossible)] [Violations: 3/5] [TPS: 20.00] [Ping: 8ms (high stability)] [Client: Fabric] [Location: world_the_end -11414.36 1.06 6142.55]
(2025-09-03 17:20:37) thegrateminecra was flagged [Check: KillAuraD (Impossible)] [Violations: 4/5] [TPS: 20.00] [Ping: 8ms (high stability)] [Client: Fabric] [Location: world_the_end -11414.60 1.06 6142.44]
(2025-09-03 17:20:39) thegrateminecra was punished [Check: KillAuraD (Impossible)] [Violations: 5/5] [TPS: 20.00]  [Ping: 8ms (high stability)] [Client: Fabric] [Location: world_the_end -11414.60 1.06 6142.44]
(2025-09-03 17:20:39) thegrateminecra was flagged [Check: KillAuraD (Impossible)] [Violations: 5/5] [TPS: 20.00] [Ping: 8ms (high stability)] [Client: Fabric] [Location: world_the_end -11414.60 1.06 6142.44]
(2025-09-03 17:20:43) thegrateminecra was flagged [Check: KillAuraD (Impossible)] [Violations: 1/5] [TPS: 20.00] [Ping: 0ms (high stability)] [Client: Fabric] [Location: world_the_end -11414.60 1.06 6142.44]
(2025-09-03 17:20:57) thegrateminecra was flagged [Check: KillAuraD (Impossible)] [Violations: 2/5] [TPS: 20.00] [Ping: 8ms (high stability)] [Client: Fabric] [Location: world_the_end -11415.37 1.06 6142.51]
(2025-09-03 17:22:38) thegrateminecra was punished [Check: KillAuraD (Impossible)] [Violations: 5/5] [TPS: 20.00]  [Ping: 8ms (high stability)] [Client: Fabric] [Location: world_the_end -11415.40 1.06 6143.88]
(2025-09-03 17:22:38) thegrateminecra was flagged [Check: KillAuraD (Impossible)] [Violations: 4/5] [TPS: 20.00] [Ping: 8ms (high stability)] [Client: Fabric] [Location: world_the_end -11415.40 1.06 6143.88]
(2025-09-03 17:22:50) thegrateminecra was flagged [Check: KillAuraD (Impossible)] [Violations: 1/5] [TPS: 20.00] [Ping: 8ms (high stability)] [Client: Fabric] [Location: world_the_end -11416.09 1.06 6144.35]
(2025-09-03 17:22:51) thegrateminecra was flagged [Check: KillAuraD (Impossible)] [Violations: 3/5] [TPS: 20.00] [Ping: 8ms (high stability)] [Client: Fabric] [Location: world_the_end -11415.28 1.06 6141.87]
(2025-09-03 17:25:45) thegrateminecra was flagged [Check: KillAuraD (Impossible)] [Violations: 1/5] [TPS: 20.00] [Ping: 8ms (high stability)] [Client: Fabric] [Location: world_the_end -11415.06 1.00 6141.61]
(2025-09-03 17:25:48) thegrateminecra was flagged [Check: KillAuraD (Impossible)] [Violations: 3/5] [TPS: 20.00] [Ping: 8ms (high stability)] [Client: Fabric] [Location: world_the_end -11415.11 1.00 6141.14]
(2025-09-03 17:25:50) thegrateminecra was flagged [Check: KillAuraD (Impossible)] [Violations: 4/5] [TPS: 20.00] [Ping: 8ms (high stability)] [Client: Fabric] [Location: world_the_end -11414.95 1.06 6142.01]
(2025-09-03 17:25:51) thegrateminecra was punished [Check: KillAuraD (Impossible)] [Violations: 5/5] [TPS: 20.00]  [Ping: 8ms (high stability)] [Client: Fabric] [Location: world_the_end -11414.94 1.06 6142.19]
(2025-09-03 17:25:51) thegrateminecra was flagged [Check: KillAuraD (Impossible)] [Violations: 5/5] [TPS: 20.00] [Ping: 8ms (high stability)] [Client: Fabric] [Location: world_the_end -11414.94 1.06 6142.19]
(2025-09-03 17:28:28) thegrateminecra was flagged [Check: KillAuraD (Impossible)] [Violations: 1/5] [TPS: 20.00] [Ping: 8ms (high stability)] [Client: Fabric] [Location: world_the_end -11414.35 1.06 6142.17]
(2025-09-03 17:29:46) thegrateminecra was flagged [Check: KillAuraD (Impossible)] [Violations: 1/5] [TPS: 20.00] [Ping: 8ms (high stability)] [Client: Fabric] [Location: world_the_end -11414.27 1.06 6142.34]
(2025-09-03 17:29:56) thegrateminecra was flagged [Check: KillAuraD (Impossible)] [Violations: 3/5] [TPS: 20.00] [Ping: 9ms (high stability)] [Client: Fabric] [Location: world_the_end -11414.65 1.06 6142.54]
(2025-09-03 17:29:57) thegrateminecra was punished [Check: KillAuraD (Impossible)] [Violations: 5/5] [TPS: 20.00]  [Ping: 8ms (high stability)] [Client: Fabric] [Location: world_the_end -11414.69 1.06 6142.60]
(2025-09-03 17:30:01) thegrateminecra was flagged [Check: KillAuraD (Impossible)] [Violations: 1/5] [TPS: 20.00] [Ping: 8ms (high stability)] [Client: Fabric] [Location: world_the_end -11414.27 1.06 6144.16]
(2025-09-03 17:45:13) thegrateminecra was flagged [Check: SpeedA (Horizontal)] [Violations: 1/30] [TPS: 20.00] [Ping: 9ms (high stability)] [Client: Fabric] [Location: world -2783.57 114.88 -1325.55]
(2025-09-03 17:45:17) thegrateminecra was flagged [Check: SpeedA (Horizontal)] [Violations: 7/30] [TPS: 20.00] [Ping: 9ms (high stability)] [Client: Fabric] [Location: world -2786.48 105.39 -1322.90]
