[17:46:36] [ServerMain/INFO]: [bootstrap] Running Java 21 (OpenJDK 64-Bit Server VM 21.0.7+6-LTS; Microsoft Microsoft-11369942) on Linux 6.8.0-1030-azure (amd64)
[17:46:36] [ServerMain/INFO]: [bootstrap] Loading Paper 1.21.8-56-main@65641d1 (2025-08-29T20:44:17Z) for Minecraft 1.21.8
[17:46:36] [ServerMain/INFO]: [PluginInitializerManager] Initializing plugins...
[17:46:38] [ServerMain/INFO]: [PluginInitializerManager] Initialized 26 plugins
[17:46:38] [ServerMain/INFO]: [PluginInitializerManager] Paper plugins (1):
 - EconomyShopGUI (6.14.5)
[17:46:38] [ServerMain/INFO]: [PluginInitializerManager] Bukkit plugins (25):
 - AxTrade (1.19.2), AxVaults (2.9.2), Back (1.8.6), BetterRTP (3.6.13), BetterTeams (4.14.0), ClearLag (3.2.2), DiscordSRV (1.30.0), DoubleDoors (1.4), Ender (1.0), Essentials (2.22.0-dev+19-7bc91f1), EssentialsChat (2.22.0-dev+20-81ac6f7), Geyser-Spigot (2.8.3-SNAPSHOT), InteractiveChat (4.3.2.0), LifeStealZ (2.18.0), LightAntiCheat (1.2.6), LuckPerms (5.5.11), Nick (2.2), PlaceholderAPI (2.11.6), ProtocolLib (5.4.0), PvPManager (3.19.10), TAB (5.2.5), Vault (1.7.3-b131), ViaBackwards (5.4.2), ViaVersion (5.4.2), playit-gg (0.1.4)
[17:46:43] [ServerMain/INFO]: Environment: Environment[sessionHost=https://sessionserver.mojang.com, servicesHost=https://api.minecraftservices.com, name=PROD]
[17:46:45] [ServerMain/INFO]: Loaded 1407 recipes
[17:46:45] [ServerMain/INFO]: Loaded 1520 advancements
[17:46:45] [ServerMain/INFO]: [ca.spottedleaf.dataconverter.minecraft.datatypes.MCTypeRegistry] Initialising converters for DataConverter...
[17:46:45] [ServerMain/INFO]: [ca.spottedleaf.dataconverter.minecraft.datatypes.MCTypeRegistry] Finished initialising converters for DataConverter in 539.0ms
[17:46:45] [Server thread/INFO]: Starting minecraft server version 1.21.8
[17:46:45] [Server thread/INFO]: Loading properties
[17:46:45] [Server thread/INFO]: This server is running Paper version 1.21.8-56-main@65641d1 (2025-08-29T20:44:17Z) (Implementing API version 1.21.8-R0.1-SNAPSHOT)
[17:46:45] [Server thread/INFO]: [spark] This server bundles the spark profiler. For more information please visit https://docs.papermc.io/paper/profiling
[17:46:46] [Server thread/INFO]: Server Ping Player Sample Count: 12
[17:46:46] [Server thread/INFO]: Using 4 threads for Netty based IO
[17:46:46] [Server thread/INFO]: [MoonriseCommon] Paper is using 1 worker threads, 1 I/O threads
[17:46:46] [Server thread/INFO]: [ChunkTaskScheduler] Chunk system is using population gen parallelism: true
[17:46:47] [Server thread/INFO]: Default game type: SURVIVAL
[17:46:47] [Server thread/INFO]: Generating keypair
[17:46:47] [Server thread/INFO]: Starting Minecraft server on *:25565
[17:46:47] [Server thread/INFO]: Using epoll channel type
[17:46:47] [Server thread/INFO]: Paper: Using libdeflate (Linux x86_64) compression from Velocity.
[17:46:47] [Server thread/INFO]: Paper: Using OpenSSL 3.x.x (Linux x86_64) cipher from Velocity.
[17:46:48] [Server thread/WARN]: [org.bukkit.craftbukkit.legacy.CraftLegacy] Initializing Legacy Material Support. Unless you have legacy plugins and/or data this is a bug!
[17:46:57] [Server thread/WARN]: Legacy plugin Ender v1.0 does not specify an api-version.
[17:46:57] [Server thread/WARN]: Legacy plugin Nick v2.2 does not specify an api-version.
[17:46:57] [Server thread/INFO]: [SpigotLibraryLoader] [PvPManager] Loading 2 libraries... please wait
[17:46:57] [Server thread/INFO]: [SpigotLibraryLoader] [PvPManager] Loaded library /workspaces/server/minecraft_server/libraries/com/zaxxer/HikariCP/4.0.3/HikariCP-4.0.3.jar
[17:46:57] [Server thread/INFO]: [SpigotLibraryLoader] [PvPManager] Loaded library /workspaces/server/minecraft_server/libraries/org/slf4j/slf4j-api/2.0.13/slf4j-api-2.0.13.jar
[17:46:58] [Server thread/INFO]: [ViaVersion] Loading server plugin ViaVersion v5.4.2
[17:46:58] [Server thread/INFO]: [ViaVersion] ViaVersion 5.4.2 is now loaded. Registering protocol transformers and injecting...
[17:46:59] [Via-Mappingloader-0/INFO]: [ViaVersion] Loading block connection mappings ...
[17:46:59] [Via-Mappingloader-0/INFO]: [ViaVersion] Using FastUtil Long2ObjectOpenHashMap for block connections
[17:47:00] [Server thread/INFO]: [ViaBackwards] Loading translations...
[17:47:00] [Server thread/INFO]: [ViaBackwards] Registering protocols...
[17:47:00] [Server thread/INFO]: [LuckPerms] Loading server plugin LuckPerms v5.5.11
[17:47:00] [Server thread/INFO]: [LuckPerms] Loading configuration...
[17:47:00] [Server thread/INFO]: [Vault] Loading server plugin Vault v1.7.3-b131
[17:47:00] [Server thread/INFO]: [PlaceholderAPI] Loading server plugin PlaceholderAPI v2.11.6
[17:47:00] [Server thread/INFO]: [Essentials] Loading server plugin Essentials v2.22.0-dev+19-7bc91f1
[17:47:00] [Server thread/INFO]: [TAB] Loading server plugin TAB v5.2.5
[17:47:00] [Server thread/INFO]: [Geyser-Spigot] Loading server plugin Geyser-Spigot v2.8.3-SNAPSHOT
[17:47:01] [Server thread/INFO]: [Geyser-Spigot] Loading extensions...
[17:47:01] [Server thread/INFO]: [Geyser-Spigot] Loaded 0 extension(s)
[17:47:01] [Server thread/INFO]: [EssentialsChat] Loading server plugin EssentialsChat v2.22.0-dev+20-81ac6f7
[17:47:01] [Server thread/INFO]: [ProtocolLib] Loading server plugin ProtocolLib v5.4.0
[17:47:01] [Server thread/INFO]: [DiscordSRV] Loading server plugin DiscordSRV v1.30.0
[17:47:01] [Server thread/INFO]: [ClearLag] Loading server plugin ClearLag v3.2.2
[17:47:01] [Server thread/INFO]: [BetterTeams] Loading server plugin BetterTeams v4.14.0
[17:47:01] [Server thread/INFO]: [BetterTeams] [BetterTeams] Checking if the file config.yml is up to date
[17:47:01] [Server thread/INFO]: [BetterTeams] [BetterTeams] File is up to date
[17:47:01] [Server thread/INFO]: [Ender] Loading server plugin Ender v1.0
[17:47:01] [Server thread/INFO]: [Nick] Loading server plugin Nick v2.2
[17:47:01] [Server thread/INFO]: [PvPManager] Loading server plugin PvPManager v3.19.10
[17:47:01] [Server thread/INFO]: [ViaBackwards] Loading server plugin ViaBackwards v5.4.2
[17:47:01] [Server thread/INFO]: [AxTrade] Loading server plugin AxTrade v1.19.2
[17:47:01] [Server thread/INFO]: [LifeStealZ] Loading server plugin LifeStealZ v2.18.0
[17:47:01] [Server thread/INFO]: [LifeStealZ] Loading LifeStealZ...
[17:47:01] [Server thread/INFO]: [AxVaults] Loading server plugin AxVaults v2.9.2
[17:47:01] [Server thread/INFO]: [playit-gg] Loading server plugin playit-gg v0.1.4
[17:47:01] [Server thread/INFO]: [LightAntiCheat] Loading server plugin LightAntiCheat v1.2.6
[17:47:01] [Server thread/INFO]: [DoubleDoors] Loading server plugin DoubleDoors v1.4
[17:47:01] [Server thread/INFO]: [EconomyShopGUI] Loading server plugin EconomyShopGUI v6.14.5
[17:47:01] [Server thread/INFO]: [BetterRTP] Loading server plugin BetterRTP v3.6.13
[17:47:01] [Server thread/INFO]: [Back] Loading server plugin Back v1.8.6
[17:47:01] [Server thread/INFO]: [InteractiveChat] Loading server plugin InteractiveChat v4.3.2.0
[17:47:01] [Server thread/INFO]: Server permissions file permissions.yml is empty, ignoring it
[17:47:01] [Server thread/INFO]: [LuckPerms] Enabling LuckPerms v5.5.11
[17:47:02] [Server thread/INFO]:         __    
[17:47:02] [Server thread/INFO]:   |    |__)   LuckPerms v5.5.11
[17:47:02] [Server thread/INFO]:   |___ |      Running on Bukkit - Paper
[17:47:02] [Server thread/INFO]: 
[17:47:02] [Server thread/INFO]: [LuckPerms] Loading storage provider... [H2]
[17:47:03] [Server thread/INFO]: [LuckPerms] Loading internal permission managers...
[17:47:03] [Server thread/INFO]: [LuckPerms] Performing initial data load...
[17:47:03] [Server thread/INFO]: [LuckPerms] Successfully enabled. (took 1894ms)
[17:47:03] [Server thread/INFO]: [Vault] Enabling Vault v1.7.3-b131
[17:47:03] [Server thread/INFO]: [Vault] [Economy] Essentials Economy found: Waiting
[17:47:03] [Server thread/INFO]: [Vault] [Permission] SuperPermissions loaded as backup permission system.
[17:47:03] [Server thread/INFO]: [Vault] Enabled Version 1.7.3-b131
[17:47:03] [Server thread/INFO]: [LuckPerms] Registered Vault permission & chat hook.
[17:47:03] [Server thread/INFO]: [ProtocolLib] Enabling ProtocolLib v5.4.0
[17:47:03] [Server thread/INFO]: Preparing level "world"
[17:47:04] [Server thread/INFO]: Preparing start region for dimension minecraft:overworld
[17:47:04] [Server thread/INFO]: Preparing spawn area: 0%
[17:47:05] [Server thread/INFO]: Preparing spawn area: 2%
[17:47:05] [Server thread/INFO]: Preparing spawn area: 18%
[17:47:05] [Server thread/INFO]: Preparing spawn area: 18%
[17:47:05] [Server thread/INFO]: Time elapsed: 1575 ms
[17:47:05] [Server thread/INFO]: Preparing start region for dimension minecraft:the_nether
[17:47:06] [Server thread/INFO]: Preparing spawn area: 0%
[17:47:06] [Server thread/INFO]: Time elapsed: 443 ms
[17:47:06] [Server thread/INFO]: Preparing start region for dimension minecraft:the_end
[17:47:06] [Server thread/INFO]: Preparing spawn area: 0%
[17:47:06] [Server thread/INFO]: Time elapsed: 174 ms
[17:47:06] [Server thread/INFO]: [ViaVersion] Enabling ViaVersion v5.4.2
[17:47:06] [Server thread/INFO]: [ViaVersion] ViaVersion detected server version: 1.21.7-1.21.8 (772)
[17:47:06] [Server thread/INFO]: [PlaceholderAPI] Enabling PlaceholderAPI v2.11.6
[17:47:06] [Server thread/INFO]: [PlaceholderAPI] Fetching available expansion information...
[17:47:06] [Server thread/INFO]: [Essentials] Enabling Essentials v2.22.0-dev+19-7bc91f1
[17:47:07] [Server thread/WARN]: [Essentials] Version mismatch! Please update EssentialsChat to the same version.
[17:47:07] [Server thread/INFO]: [Essentials] Attempting to convert old kits in config.yml to new kits.yml
[17:47:07] [Server thread/INFO]: [Essentials] No kits found to migrate.
[17:47:07] [Server thread/INFO]: [Essentials] Selected 1.12.2+ Player Locale Provider as the provider for PlayerLocaleProvider
[17:47:07] [Server thread/INFO]: [Essentials] Selected 1.20.6+ Potion Meta Provider as the provider for PotionMetaProvider
[17:47:07] [Server thread/INFO]: [Essentials] Selected Paper Tick Count Provider as the provider for TickCountProvider
[17:47:07] [Server thread/INFO]: [Essentials] Selected 1.13+ Spawn Egg Provider as the provider for SpawnEggProvider
[17:47:07] [Server thread/INFO]: [Essentials] Selected 1.12+ Spawner Block Provider as the provider for SpawnerBlockProvider
[17:47:07] [Server thread/INFO]: [Essentials] Selected 1.20.4+ Damage Event Provider as the provider for DamageEventProvider
[17:47:07] [Server thread/INFO]: [Essentials] Selected 1.20.5+ Banner Data Provider as the provider for BannerDataProvider
[17:47:07] [Server thread/INFO]: [Essentials] Selected 1.21+ InventoryView Interface ABI Provider as the provider for InventoryViewProvider
[17:47:07] [Server thread/INFO]: [Essentials] Selected 1.14.4+ Persistent Data Container Provider as the provider for PersistentDataProvider
[17:47:07] [Server thread/INFO]: [Essentials] Selected Reflection Formatted Command Alias Provider as the provider for FormattedCommandAliasProvider
[17:47:07] [Server thread/INFO]: [Essentials] Selected Paper Container Provider as the provider for ContainerProvider
[17:47:07] [Server thread/INFO]: [Essentials] Selected Reflection Online Mode Provider as the provider for OnlineModeProvider
[17:47:07] [Server thread/INFO]: [Essentials] Selected 1.21.4+ Sync Commands Provider as the provider for SyncCommandsProvider
[17:47:07] [Server thread/INFO]: [Essentials] Selected Paper Material Tag Provider as the provider for MaterialTagProvider
[17:47:07] [Server thread/INFO]: [Essentials] Selected Legacy Biome Name Provider as the provider for BiomeNameProvider
[17:47:07] [Server thread/INFO]: [Essentials] Selected 1.14+ Sign Data Provider as the provider for SignDataProvider
[17:47:07] [Server thread/INFO]: [Essentials] Selected Paper Biome Key Provider as the provider for BiomeKeyProvider
[17:47:07] [Server thread/INFO]: [Essentials] Selected 1.17.1+ World Info Provider as the provider for WorldInfoProvider
[17:47:07] [Server thread/INFO]: [Essentials] Selected 1.11+ Item Unbreakable Provider as the provider for ItemUnbreakableProvider
[17:47:07] [Server thread/INFO]: [Essentials] Selected Paper Known Commands Provider as the provider for KnownCommandsProvider
[17:47:07] [Server thread/INFO]: [Essentials] Selected Paper Server State Provider as the provider for ServerStateProvider
[17:47:07] [Server thread/INFO]: [Essentials] Selected Paper Serialization Provider as the provider for SerializationProvider
[17:47:07] [Server thread/INFO]: [Essentials] Selected 1.8.3+ Spawner Item Provider as the provider for SpawnerItemProvider
[17:47:07] [Server thread/INFO]: [Essentials] Loaded 43880 items from items.json.
[17:47:07] [Server thread/INFO]: [Essentials] Using locale en
[17:47:07] [Server thread/INFO]: [Essentials] ServerListPingEvent: Spigot iterator API
[17:47:08] [Server thread/INFO]: [Essentials] Starting Metrics. Opt-out using the global bStats config.
[17:47:08] [Server thread/INFO]: [Vault] [Economy] Essentials Economy hooked.
[17:47:08] [Server thread/INFO]: [Essentials] Using Vault based permissions (LuckPerms)
[17:47:08] [Server thread/INFO]: [TAB] Enabling TAB v5.2.5
[17:47:08] [Server thread/INFO]: [TAB] [WARN] [config.yml] scoreboard-teams: Missing configuration section "scoreboard-teams.case-sensitive-sorting" of type Boolean, using default value true.
[17:47:08] [Server thread/INFO]: [TAB] [WARN] [config.yml] scoreboard-teams: Missing configuration section "scoreboard-teams.sorting-types" of type List, using default value [].
[17:47:08] [Server thread/INFO]: [TAB] [WARN] [config.yml] scoreboard-teams: Missing configuration section "scoreboard-teams.can-see-friendly-invisibles" of type Boolean, using default value false.
[17:47:08] [Server thread/INFO]: [TAB] [WARN] [config.yml] scoreboard-teams: Missing configuration section "scoreboard-teams.disable-condition" of type String, using default value %world%=disabledworld.
[17:47:08] [Server thread/INFO]: [TAB] [WARN] Found a total of 4 issues.
[17:47:08] [Server thread/INFO]: [TAB] Enabled in 204ms
[17:47:08] [Server thread/INFO]: [Geyser-Spigot] Enabling Geyser-Spigot v2.8.3-SNAPSHOT
[17:47:09] [Server thread/INFO]: [EssentialsChat] Enabling EssentialsChat v2.22.0-dev+20-81ac6f7
[17:47:09] [Server thread/WARN]: [EssentialsChat] Version mismatch! Please update all Essentials jars to the same version.
[17:47:09] [Server thread/INFO]: [EssentialsChat] Starting Metrics. Opt-out using the global bStats config.
[17:47:09] [Server thread/INFO]: [DiscordSRV] Enabling DiscordSRV v1.30.0
[17:47:09] [Server thread/INFO]: [ClearLag] Enabling ClearLag v3.2.2
[17:47:09] [Server thread/INFO]: [ClearLag] Using version-adapter: LatestVersionAdapter
[17:47:09] [Server thread/INFO]: [ClearLag] Loading modules...
[17:47:09] [Server thread/WARN]: [ClearLag] Clearlag failed to use the internal TPS tracker during initialization. Reverted to estimation... (Index 3 out of bounds for length 3)
[17:47:09] [Server thread/INFO]: [ClearLag] Modules enabed, loading config values
[17:47:09] [Server thread/INFO]: [ClearLag] Modules have been loaded!
[17:47:09] [Server thread/INFO]: [ClearLag] Clearlag is now enabled!
[17:47:09] [Thread-9/WARN]: [ClearLag] Clearlag failed to check for updates - bukkit may be down
[17:47:09] [Thread-9/WARN]: java.lang.ArrayIndexOutOfBoundsException: Index 3 out of bounds for length 3
[17:47:09] [Server thread/INFO]: [BetterTeams] Enabling BetterTeams v4.14.0
[17:47:09] [Thread-9/WARN]: 	at Clearlag.jar//me.minebuilders.clearlag.Util.getBukkitVersion(Util.java:105)
[17:47:09] [Thread-9/WARN]: 	at Clearlag.jar//me.minebuilders.clearlag.BukkitUpdater.updateAvailable(BukkitUpdater.java:32)
[17:47:09] [Thread-9/WARN]: 	at Clearlag.jar//me.minebuilders.clearlag.BukkitUpdater.run(BukkitUpdater.java:82)
[17:47:09] [Thread-9/WARN]: 	at java.base/java.lang.Thread.run(Thread.java:1583)
[17:47:10] [Server thread/INFO]: [BetterTeams] MessageSender declared: com.booksaw.betterTeams.message.AdventureMessageSender@4ac8ce79
[17:47:10] [Server thread/INFO]: [BetterTeams] [BetterTeams] Checking if the file messages.yml is up to date
[17:47:10] [Server thread/INFO]: [BetterTeams] [BetterTeams] File is up to date
[17:47:10] [Server thread/INFO]: [PlaceholderAPI] Successfully registered internal expansion: betterTeams [4.14.0]
[17:47:10] [Server thread/INFO]: [BetterTeams] Display team name config value: prefix
[17:47:10] [Server thread/INFO]: [BetterTeams] Loading below name. Type: PREFIX
[17:47:10] [Server thread/INFO]: [BetterTeams] teamManagement declared: com.booksaw.betterTeams.events.MCTeamManagement@5922afa9
[17:47:10] [Server thread/INFO]: [Ender] Enabling Ender v1.0*
[17:47:10] [Server thread/INFO]: [Ender] has been enabled
[17:47:10] [Server thread/INFO]: [Nick] Enabling Nick v2.2*
[17:47:10] [pool-35-thread-1/INFO]: [DiscordSRV] DiscordSRV is up-to-date. (b5a58d4cfcf67fe05de1e89dac15ecf2b6aaadeb)
[17:47:10] [Server thread/INFO]: [Nick] TAB Plugin found! Initializing Nick with TAB...
[17:47:10] [Server thread/INFO]: [PlaceholderAPI] Successfully registered internal expansion: nick [2.2]
[17:47:10] [Server thread/INFO]: [PvPManager] Enabling PvPManager v3.19.10
[17:47:10] [Server thread/INFO]: [PvPManager] Running on Folia. Support for Folia is still experimental
[17:47:10] [Server thread/INFO]: [PvPManager] Please report any errors you find, most likely nobody reported them yet as not many people use Folia
[17:47:10] [Server thread/INFO]: [PvPManager] Using player nametags: true
[17:47:10] [Server thread/INFO]: [PvPManager] Connected to SQLITE database successfully
[17:47:10] [Server thread/INFO]: [PvPManager] Players stored: 8
[17:47:10] [Server thread/INFO]: [PvPManager] TAB detected. If you want nametags to change while in combat, set 'anti-override' to false in TAB's config. (Doing that will prevent TAB from changing nametags)
[17:47:10] [Server thread/INFO]: [PvPManager] Or use the premium version of PvPManager which hooks into TAB for nametag/tablist changes.
[17:47:10] [Server thread/INFO]: [PvPManager] Essentials Found! Hooked successfully
[17:47:10] [Server thread/INFO]: [PvPManager] Vault Found! Using it for currency related features
[17:47:10] [Server thread/INFO]: [PvPManager] PlaceholderAPI Found! Hooked successfully
[17:47:10] [Server thread/INFO]: [PlaceholderAPI] Successfully registered internal expansion: pvpmanager [3.19.10]
[17:47:10] [Server thread/INFO]: [PvPManager] PvPManager v3.19.10 enabled (272 ms)
[17:47:10] [Server thread/INFO]: [ViaBackwards] Enabling ViaBackwards v5.4.2
[17:47:10] [Server thread/INFO]: [AxTrade] Enabling AxTrade v1.19.2
[17:47:11] [DiscordSRV - Initialization/ERROR]: [DiscordSRV] ===================================================
[17:47:11] [DiscordSRV - Initialization/ERROR]: [DiscordSRV]  
[17:47:11] [DiscordSRV - Initialization/ERROR]: [DiscordSRV]  DiscordSRV could not connect to Discord because:
[17:47:11] [DiscordSRV - Initialization/ERROR]: [DiscordSRV]  The bot token is invalid
[17:47:11] [DiscordSRV - Initialization/ERROR]: [DiscordSRV]  
[17:47:11] [DiscordSRV - Initialization/ERROR]: [DiscordSRV] ===================================================
[17:47:11] [Server thread/INFO]: [AxTrade] Hooked into Vault!
[17:47:11] [Server thread/INFO]: [AxTrade] Loaded plugin!
[17:47:11] [Server thread/INFO]: [PlaceholderAPI] Successfully registered internal expansion: axtrade [1.19.2]
[17:47:11] [Server thread/INFO]: [LifeStealZ] Enabling LifeStealZ v2.18.0
[17:47:11] [Server thread/INFO]: [LifeStealZ] Using language file: plugins/LifeStealZ/lang/en-US.yml
[17:47:11] [Server thread/INFO]: [LifeStealZ] Using SQLite storage
[17:47:12] [Server thread/INFO]: [PlaceholderAPI] Successfully registered internal expansion: lifestealz [2.18.0]
[17:47:12] [Server thread/INFO]: [LifeStealZ] PlaceholderAPI found! Enabled PlaceholderAPI support!
[17:47:12] [Server thread/INFO]: [LifeStealZ] LifeStealZ enabled!
[17:47:12] [Server thread/INFO]: [AxVaults] Enabling AxVaults v2.9.2
[17:47:12] [Server thread/INFO]: [AxVaults] Hooked into PlaceholderAPI!
[17:47:13] [Server thread/INFO]: [AxVaults] Loaded plugin!
[17:47:13] [Server thread/INFO]: [playit-gg] Enabling playit-gg v0.1.4
[17:47:13] [Thread-13/INFO]: [gg.playit.minecraft.PlayitKeysSetup] secret key found, checking
[17:47:13] [Thread-13/INFO]: [gg.playit.minecraft.PlayitKeysSetup] check secret
[17:47:13] [Server thread/INFO]: [LightAntiCheat] Enabling LightAntiCheat v1.2.6
[17:47:13] [Server thread/INFO]: [DoubleDoors] Enabling DoubleDoors v1.4
[17:47:13] [Server thread/INFO]: [DoubleDoors] DoubleDoors is starting up...
[17:47:13] [Server thread/INFO]: [DoubleDoors] DoubleDoors has been enabled!
[17:47:13] [Server thread/INFO]: [EconomyShopGUI] Enabling EconomyShopGUI v6.14.5
[17:47:13] [Server thread/INFO]: [EconomyShopGUI] [INFO]: Using lang-en.yml as language file
[17:47:13] [Server thread/INFO]: [EconomyShopGUI] [INFO]: Completed loading 15 section configs from /sections/
[17:47:13] [Server thread/INFO]: [EconomyShopGUI] [INFO]: Completed loading 15 shop configs from /shops/
[17:47:13] [Server thread/INFO]: [EconomyShopGUI] [INFO]: Updating Shop settings...
[17:47:13] [Server thread/INFO]: [EconomyShopGUI] [INFO]: Successfully hooked into Vault and using EssentialsX Economy as economy provider
[17:47:13] [Server thread/INFO]: [EconomyShopGUI] [INFO]: Completed loading 1 economy provider(s) for all 13 shop sections.
[17:47:13] [PvPManager Worker Thread - 0/INFO]: [PvPManager] Checking for updates...
[17:47:13] [Server thread/INFO]: [EconomyShopGUI] [INFO]: Using minecraft version 1.21.8...
[17:47:13] [Server thread/INFO]: [EconomyShopGUI] [INFO]: Spawner provider set to AUTO in config
[17:47:13] [Server thread/INFO]: [EconomyShopGUI] [INFO]: Automatically searching for compatible spawner provider....
[17:47:13] [Server thread/INFO]: [EconomyShopGUI] [INFO]: Failed to automatically find compatible spawner provider, using default...
[17:47:13] [Server thread/INFO]: [PlaceholderAPI] Successfully registered internal expansion: esgui [1.1.0]
[17:47:13] [Server thread/INFO]: [EconomyShopGUI] [INFO]: Debug mode is enabled.
[17:47:13] [Server thread/INFO]: [EconomyShopGUI] [INFO]: Loading all items...
[17:47:14] [PvPManager Worker Thread - 0/INFO]: [PvPManager] No update found
[17:47:14] [Server thread/INFO]: [EconomyShopGUI] [INFO]: Initialized - Took 604ms to complete
[17:47:14] [Server thread/INFO]: [BetterRTP] Enabling BetterRTP v3.6.13
[17:47:14] [Thread-13/INFO]: [gg.playit.minecraft.PlayitKeysSetup] found minecraft java tunnel: technologies-dietary.gl.joinmc.link
[17:47:14] [Thread-13/INFO]: [gg.playit.minecraft.PlayitManager] keys and tunnel setup
[17:47:14] [Thread-13/WARN]: [gg.playit.control.ChannelSetup] Got IO error working with :control.playit.gg/2602:fbaf:82c:0:0:0:0:1, error : java.net.SocketException: Network is unreachable
[17:47:14] [Server thread/INFO]: [BetterRTP] Cooldown = 600
[17:47:14] [Server thread/INFO]: [PlaceholderAPI] Successfully registered internal expansion: betterrtp [3.6.13]
[17:47:14] [Server thread/INFO]: [Back] Enabling Back v1.8.6
[17:47:14] [Server thread/WARN]: [Back] Language 'en_US' loaded!
[17:47:14] [Server thread/INFO]: The death_locations.yml file has been saved
[17:47:14] [Server thread/INFO]: ----------------------------
[17:47:14] [Server thread/INFO]: Back Plugin Enabled!
[17:47:14] [Server thread/INFO]: Vault Plugin and Economy Plugin found! Plugin can works with Vault
[17:47:14] [Server thread/INFO]: Plugin developed by GFelberg
[17:47:14] [Server thread/INFO]: ----------------------------
[17:47:14] [Server thread/INFO]: [InteractiveChat] Enabling InteractiveChat v4.3.2.0
[17:47:14] [Thread-13/INFO]: [gg.playit.control.ChannelSetup] request queued, waiting 1 second before resend
[17:47:17] [Server thread/INFO]: [InteractiveChat] No custom ProtocolProvider provided, using default ProtocolLib provider.
[17:47:17] [Server thread/INFO]: [InteractiveChat] Opened Sqlite database successfully
[17:47:18] [Server thread/INFO]: [InteractiveChat] InteractiveChat has hooked into Essentials!
[17:47:18] [Server thread/INFO]: [InteractiveChat] InteractiveChat has hooked into DiscordSRV!
[17:47:18] [Server thread/INFO]: [DiscordSRV] API listener com.loohp.interactivechat.hooks.discordsrv.DiscordSRVEvents subscribed (2 methods)
[17:47:18] [Server thread/INFO]: [InteractiveChat] InteractiveChat has hooked into ViaVersion!
[17:47:18] [Server thread/INFO]: [InteractiveChat] InteractiveChat has hooked into LuckPerms!
[17:47:18] [Server thread/INFO]: [InteractiveChat] InteractiveChat has hooked into Geyser!
[17:47:18] [Server thread/INFO]: [PlaceholderAPI] Successfully registered internal expansion: interactivechat [4.3.2.0]
[17:47:18] [Server thread/INFO]: [InteractiveChat] InteractiveChat has been Enabled!
[17:47:18] [Server thread/INFO]: [spark] Starting background profiler...
[17:47:18] [Server thread/INFO]: [PlaceholderAPI] Placeholder expansion registration initializing...
[17:47:18] [Server thread/INFO]: [Geyser-Spigot] ******************************************
[17:47:18] [Server thread/INFO]: [Geyser-Spigot] 
[17:47:18] [Server thread/INFO]: [Geyser-Spigot] Loading Geyser version 2.8.3-b917 (git-master-1dc3f41)
[17:47:18] [Server thread/INFO]: [Geyser-Spigot] 
[17:47:18] [Server thread/INFO]: [Geyser-Spigot] ******************************************
[17:47:22] [GeyserServer-4-1/INFO]: [Geyser-Spigot] Started Geyser on UDP port 19132
[17:47:22] [Server thread/INFO]: [Geyser-Spigot] Done (3.35s)! Run /geyser help for help!
[17:47:22] [Server thread/INFO]: Done preparing level "world" (18.409s)
[17:47:22] [Server thread/INFO]: Running delayed init tasks
[17:47:22] [Craft Scheduler Thread - 5 - ViaVersion/INFO]: [ViaVersion] Finished mapping loading, shutting down loader executor.
[17:47:22] [Server thread/INFO]: [Essentials] Essentials found a compatible payment resolution method: Vault Compatibility Layer (v1.7.3-b131)!
[17:47:22] [Craft Scheduler Thread - 7 - Essentials/INFO]: [Essentials] Fetching version information...
[17:47:22] [Craft Scheduler Thread - 10 - InteractiveChat/INFO]: [InteractiveChat] Loading languages...
[17:47:22] [Craft Scheduler Thread - 18 - Vault/INFO]: [Vault] Checking for Updates ... 
[17:47:22] [Craft Scheduler Thread - 12 - Back/INFO]: [Back] No update available.
[17:47:22] [Craft Scheduler Thread - 18 - Vault/INFO]: [Vault] No new version available
[17:47:22] [Server thread/INFO]: [DiscordSRV] Disabling DiscordSRV v1.30.0
[17:47:22] [Craft Scheduler Thread - 7 - Essentials/WARN]: [Essentials] You're 1 EssentialsX dev build(s) out of date!
[17:47:22] [Craft Scheduler Thread - 7 - Essentials/WARN]: [Essentials] Download it here: https://essentialsx.net/downloads.html
[17:47:22] [Server thread/INFO]: 0 placeholder hook(s) registered!
[17:47:22] [Server thread/INFO]: Done (46.746s)! For help, type "help"
[17:47:24] [Craft Scheduler Thread - 20 - InteractiveChat/INFO]: [InteractiveChat] Loaded all 1 languages!
[17:47:33] [Thread-13/INFO]: [gg.playit.minecraft.PlayitManager] got new client: NewClient{connectAddr=147.185.221.31:33863, peerAddr=178.81.217.65:59935, claimAddress=209.25.141.2:43784, claimToken=[44, 0, 68, -109, -71, -35, 31, -124, 71, -78, 81, -39, 65, -22, 31, 73, -27, 117, -15, -85, 8, 104, -72, 127, 53, 0, 0, 0, 0, 0, 10, -61, -85, 0, 0, 0, 0, 0, 75, -89, 29, 0, 0, 0, 0, 0, 34, -72, 14, -86, -15, -85, 8, 0, 0, 0, 0, 36, 0, 0, 0, 0, 0, 0, 0, 1, 0, 0, -17, 8, -74, -123, 91, -75, -122, 48, 82, -34, -101, 8, 38, 41, -50, -91], tunnelServerId=1, dataCenterId=36}
[17:47:33] [Thread-13/INFO]: [gg.playit.minecraft.PlayitManager] starting tcp tunnel for client
[17:47:33] [Thread-13/INFO]: [gg.playit.minecraft.PlayitTcpTunnel] start connection to /209.25.141.2:43784 to claim client
[17:47:33] [nioEventLoopGroup-2-1/INFO]: [gg.playit.minecraft.PlayitTcpTunnel] connected to tunnel server, sending claim token
[17:47:33] [nioEventLoopGroup-2-1/INFO]: [gg.playit.minecraft.PlayitTcpTunnel] claim token sent
[17:47:33] [nioEventLoopGroup-2-1/INFO]: [gg.playit.minecraft.PlayitTcpTunnel] connection to tunnel server has been established
[17:47:33] [nioEventLoopGroup-2-1/INFO]: [gg.playit.minecraft.PlayitTcpTunnel] Reflect: ReflectionHelper{ServerConnection=class net.minecraft.server.network.ServerConnectionListener, LegacyPingHandler=class net.minecraft.server.network.LegacyQueryHandler, MinecraftServer=class net.minecraft.server.MinecraftServer, PacketSplitter=class net.minecraft.network.Varint21FrameDecoder, PacketDecoder=class net.minecraft.network.PacketDecoder, EnumProtocolDirection=class net.minecraft.network.protocol.PacketFlow, PacketPrepender=class net.minecraft.network.Varint21LengthFieldPrepender, PacketEncoder=class net.minecraft.network.PacketEncoder, NetworkManagerServer=class net.minecraft.network.RateKickingConnection, NetworkManager=class net.minecraft.network.Connection, HandshakeListener=class net.minecraft.server.network.ServerHandshakePacketListenerImpl, PacketListener=interface net.minecraft.network.PacketListener, CraftServer=class org.bukkit.craftbukkit.CraftServer}
[17:47:33] [nioEventLoopGroup-2-1/INFO]: [gg.playit.minecraft.PlayitTcpTunnel] legacyPingHandler is null
[17:47:33] [nioEventLoopGroup-2-1/INFO]: [gg.playit.minecraft.PlayitTcpTunnel] connecting to minecraft server at localhost/127.0.0.1:25565
[17:47:33] [nioEventLoopGroup-2-2/INFO]: [gg.playit.minecraft.PlayitTcpTunnel] connected to local minecraft server
[17:47:34] [Thread-13/INFO]: [gg.playit.minecraft.PlayitManager] got new client: NewClient{connectAddr=147.185.221.31:33863, peerAddr=178.81.217.65:60055, claimAddress=209.25.141.2:43784, claimToken=[44, 0, 68, -109, -71, -35, 31, -124, 71, -78, 81, -39, 65, -22, -105, 69, 95, 48, 36, -85, 8, 104, -72, 127, 54, 0, 0, 0, 0, 0, 10, -61, -85, 0, 0, 0, 0, 0, 75, -89, 29, 0, 0, 0, 0, 0, 34, -72, 14, -123, 36, -85, 8, 0, 0, 0, 0, 36, 0, 0, 0, 0, 0, 0, 0, 1, 0, 0, -25, 20, 5, 64, 113, -96, 45, 59, -49, -15, -83, -42, 25, -104, 92, -112], tunnelServerId=1, dataCenterId=36}
[17:47:34] [Thread-13/INFO]: [gg.playit.minecraft.PlayitManager] starting tcp tunnel for client
[17:47:34] [Thread-13/INFO]: [gg.playit.minecraft.PlayitTcpTunnel] start connection to /209.25.141.2:43784 to claim client
[17:47:34] [nioEventLoopGroup-2-3/INFO]: [gg.playit.minecraft.PlayitTcpTunnel] connected to tunnel server, sending claim token
[17:47:34] [nioEventLoopGroup-2-3/INFO]: [gg.playit.minecraft.PlayitTcpTunnel] claim token sent
[17:47:34] [nioEventLoopGroup-2-3/INFO]: [gg.playit.minecraft.PlayitTcpTunnel] connection to tunnel server has been established
[17:47:34] [nioEventLoopGroup-2-3/INFO]: [gg.playit.minecraft.PlayitTcpTunnel] Reflect: ReflectionHelper{ServerConnection=class net.minecraft.server.network.ServerConnectionListener, LegacyPingHandler=class net.minecraft.server.network.LegacyQueryHandler, MinecraftServer=class net.minecraft.server.MinecraftServer, PacketSplitter=class net.minecraft.network.Varint21FrameDecoder, PacketDecoder=class net.minecraft.network.PacketDecoder, EnumProtocolDirection=class net.minecraft.network.protocol.PacketFlow, PacketPrepender=class net.minecraft.network.Varint21LengthFieldPrepender, PacketEncoder=class net.minecraft.network.PacketEncoder, NetworkManagerServer=class net.minecraft.network.RateKickingConnection, NetworkManager=class net.minecraft.network.Connection, HandshakeListener=class net.minecraft.server.network.ServerHandshakePacketListenerImpl, PacketListener=interface net.minecraft.network.PacketListener, CraftServer=class org.bukkit.craftbukkit.CraftServer}
[17:47:34] [nioEventLoopGroup-2-3/INFO]: [gg.playit.minecraft.PlayitTcpTunnel] legacyPingHandler is null
[17:47:34] [nioEventLoopGroup-2-3/INFO]: [gg.playit.minecraft.PlayitTcpTunnel] connecting to minecraft server at localhost/127.0.0.1:25565
[17:47:34] [nioEventLoopGroup-2-4/INFO]: [gg.playit.minecraft.PlayitTcpTunnel] connected to local minecraft server
[17:48:32] [Thread-13/INFO]: [gg.playit.minecraft.PlayitManager] got new client: NewClient{connectAddr=147.185.221.31:33863, peerAddr=185.188.40.47:50408, claimAddress=209.25.141.2:43784, claimToken=[44, 0, 68, -109, -71, -35, 31, -124, 71, -71, -68, 40, 47, -60, -24, -70, 27, 74, 6, -85, 8, 104, -72, 127, 112, 0, 0, 0, 0, 0, 10, -61, -85, 0, 0, 0, 0, 0, 75, -89, 29, 0, 0, 0, 0, 0, 34, -72, 14, -54, 6, -85, 8, 0, 0, 0, 0, 38, 0, 0, 0, 0, 0, 0, 0, 1, 0, 0, -68, -127, -40, 61, 117, -16, 51, 5, -44, 40, 17, 103, 47, -128, 31, 7], tunnelServerId=1, dataCenterId=38}
[17:48:32] [Thread-13/INFO]: [gg.playit.minecraft.PlayitManager] starting tcp tunnel for client
[17:48:32] [Thread-13/INFO]: [gg.playit.minecraft.PlayitTcpTunnel] start connection to /209.25.141.2:43784 to claim client
[17:48:32] [nioEventLoopGroup-2-1/INFO]: [gg.playit.minecraft.PlayitTcpTunnel] connected to tunnel server, sending claim token
[17:48:32] [nioEventLoopGroup-2-1/INFO]: [gg.playit.minecraft.PlayitTcpTunnel] claim token sent
[17:48:32] [nioEventLoopGroup-2-1/INFO]: [gg.playit.minecraft.PlayitTcpTunnel] connection to tunnel server has been established
[17:48:32] [nioEventLoopGroup-2-1/INFO]: [gg.playit.minecraft.PlayitTcpTunnel] Reflect: ReflectionHelper{ServerConnection=class net.minecraft.server.network.ServerConnectionListener, LegacyPingHandler=class net.minecraft.server.network.LegacyQueryHandler, MinecraftServer=class net.minecraft.server.MinecraftServer, PacketSplitter=class net.minecraft.network.Varint21FrameDecoder, PacketDecoder=class net.minecraft.network.PacketDecoder, EnumProtocolDirection=class net.minecraft.network.protocol.PacketFlow, PacketPrepender=class net.minecraft.network.Varint21LengthFieldPrepender, PacketEncoder=class net.minecraft.network.PacketEncoder, NetworkManagerServer=class net.minecraft.network.RateKickingConnection, NetworkManager=class net.minecraft.network.Connection, HandshakeListener=class net.minecraft.server.network.ServerHandshakePacketListenerImpl, PacketListener=interface net.minecraft.network.PacketListener, CraftServer=class org.bukkit.craftbukkit.CraftServer}
[17:48:32] [nioEventLoopGroup-2-1/INFO]: [gg.playit.minecraft.PlayitTcpTunnel] legacyPingHandler is null
[17:48:32] [nioEventLoopGroup-2-1/INFO]: [gg.playit.minecraft.PlayitTcpTunnel] connecting to minecraft server at localhost/127.0.0.1:25565
[17:48:32] [nioEventLoopGroup-2-2/INFO]: [gg.playit.minecraft.PlayitTcpTunnel] connected to local minecraft server
[17:49:08] [Thread-13/INFO]: [gg.playit.minecraft.PlayitManager] got new client: NewClient{connectAddr=147.185.221.31:33863, peerAddr=185.188.40.47:50492, claimAddress=209.25.141.2:43784, claimToken=[44, 0, 68, -109, -71, -35, 31, -124, 71, -71, -68, 40, 47, -59, 60, -99, 75, -79, -2, -85, 8, 104, -72, 127, -108, 0, 0, 0, 0, 0, 10, -61, -85, 0, 0, 0, 0, 0, 75, -89, 29, 0, 0, 0, 0, 0, 34, -72, 14, -86, -2, -85, 8, 0, 0, 0, 0, 38, 0, 0, 0, 0, 0, 0, 0, 1, 0, 1, -113, -56, -58, -8, -3, -99, -41, -21, -86, -24, 43, 15, -88, -13, 26, 6], tunnelServerId=1, dataCenterId=38}
[17:49:08] [Thread-13/INFO]: [gg.playit.minecraft.PlayitManager] starting tcp tunnel for client
[17:49:08] [Thread-13/INFO]: [gg.playit.minecraft.PlayitTcpTunnel] start connection to /209.25.141.2:43784 to claim client
[17:49:08] [nioEventLoopGroup-2-3/INFO]: [gg.playit.minecraft.PlayitTcpTunnel] connected to tunnel server, sending claim token
[17:49:08] [nioEventLoopGroup-2-3/INFO]: [gg.playit.minecraft.PlayitTcpTunnel] claim token sent
[17:49:08] [Thread-13/INFO]: [gg.playit.minecraft.PlayitManager] got new client: NewClient{connectAddr=147.185.221.31:33863, peerAddr=185.188.40.47:50493, claimAddress=209.25.141.2:43784, claimToken=[44, 0, 68, -109, -71, -35, 31, -124, 71, -71, -68, 40, 47, -59, 61, 36, -40, -107, 30, -85, 8, 104, -72, 127, -108, 0, 0, 0, 0, 0, 10, -61, -85, 0, 0, 0, 0, 0, 75, -89, 29, 0, 0, 0, 0, 0, 34, -72, 14, 0, 30, -85, 8, 0, 0, 0, 0, 38, 0, 0, 0, 0, 0, 0, 0, 1, 0, 0, -62, -109, 79, 63, 85, 60, 102, 52, -12, 73, 36, -36, -21, 97, -68, 35], tunnelServerId=1, dataCenterId=38}
[17:49:08] [Thread-13/INFO]: [gg.playit.minecraft.PlayitManager] starting tcp tunnel for client
[17:49:08] [Thread-13/INFO]: [gg.playit.minecraft.PlayitTcpTunnel] start connection to /209.25.141.2:43784 to claim client
[17:49:08] [nioEventLoopGroup-2-3/INFO]: [gg.playit.minecraft.PlayitTcpTunnel] connection to tunnel server has been established
[17:49:08] [nioEventLoopGroup-2-3/INFO]: [gg.playit.minecraft.PlayitTcpTunnel] Reflect: ReflectionHelper{ServerConnection=class net.minecraft.server.network.ServerConnectionListener, LegacyPingHandler=class net.minecraft.server.network.LegacyQueryHandler, MinecraftServer=class net.minecraft.server.MinecraftServer, PacketSplitter=class net.minecraft.network.Varint21FrameDecoder, PacketDecoder=class net.minecraft.network.PacketDecoder, EnumProtocolDirection=class net.minecraft.network.protocol.PacketFlow, PacketPrepender=class net.minecraft.network.Varint21LengthFieldPrepender, PacketEncoder=class net.minecraft.network.PacketEncoder, NetworkManagerServer=class net.minecraft.network.RateKickingConnection, NetworkManager=class net.minecraft.network.Connection, HandshakeListener=class net.minecraft.server.network.ServerHandshakePacketListenerImpl, PacketListener=interface net.minecraft.network.PacketListener, CraftServer=class org.bukkit.craftbukkit.CraftServer}
[17:49:08] [nioEventLoopGroup-2-3/INFO]: [gg.playit.minecraft.PlayitTcpTunnel] legacyPingHandler is null
[17:49:08] [nioEventLoopGroup-2-3/INFO]: [gg.playit.minecraft.PlayitTcpTunnel] connecting to minecraft server at localhost/127.0.0.1:25565
[17:49:08] [nioEventLoopGroup-2-1/INFO]: [gg.playit.minecraft.PlayitTcpTunnel] connected to local minecraft server
[17:49:08] [nioEventLoopGroup-2-4/INFO]: [gg.playit.minecraft.PlayitTcpTunnel] connected to tunnel server, sending claim token
[17:49:08] [nioEventLoopGroup-2-4/INFO]: [gg.playit.minecraft.PlayitTcpTunnel] claim token sent
[17:49:08] [nioEventLoopGroup-2-4/INFO]: [gg.playit.minecraft.PlayitTcpTunnel] connection to tunnel server has been established
[17:49:08] [nioEventLoopGroup-2-4/INFO]: [gg.playit.minecraft.PlayitTcpTunnel] Reflect: ReflectionHelper{ServerConnection=class net.minecraft.server.network.ServerConnectionListener, LegacyPingHandler=class net.minecraft.server.network.LegacyQueryHandler, MinecraftServer=class net.minecraft.server.MinecraftServer, PacketSplitter=class net.minecraft.network.Varint21FrameDecoder, PacketDecoder=class net.minecraft.network.PacketDecoder, EnumProtocolDirection=class net.minecraft.network.protocol.PacketFlow, PacketPrepender=class net.minecraft.network.Varint21LengthFieldPrepender, PacketEncoder=class net.minecraft.network.PacketEncoder, NetworkManagerServer=class net.minecraft.network.RateKickingConnection, NetworkManager=class net.minecraft.network.Connection, HandshakeListener=class net.minecraft.server.network.ServerHandshakePacketListenerImpl, PacketListener=interface net.minecraft.network.PacketListener, CraftServer=class org.bukkit.craftbukkit.CraftServer}
[17:49:08] [nioEventLoopGroup-2-4/INFO]: [gg.playit.minecraft.PlayitTcpTunnel] legacyPingHandler is null
[17:49:08] [nioEventLoopGroup-2-4/INFO]: [gg.playit.minecraft.PlayitTcpTunnel] connecting to minecraft server at localhost/127.0.0.1:25565
[17:49:08] [nioEventLoopGroup-2-2/INFO]: [gg.playit.minecraft.PlayitTcpTunnel] connected to local minecraft server
[17:49:08] [Thread-13/INFO]: [gg.playit.minecraft.PlayitManager] got new client: NewClient{connectAddr=147.185.221.31:33863, peerAddr=185.188.40.47:50494, claimAddress=209.25.141.2:43784, claimToken=[44, 0, 68, -109, -71, -35, 31, -124, 71, -71, -68, 40, 47, -59, 62, 60, -39, -62, 0, -85, 8, 104, -72, 127, -108, 0, 0, 0, 0, 0, 10, -61, -85, 0, 0, 0, 0, 0, 75, -89, 29, 0, 0, 0, 0, 0, 34, -72, 14, 94, 0, -85, 8, 0, 0, 0, 0, 38, 0, 0, 0, 0, 0, 0, 0, 1, 0, 0, -33, 63, 0, -25, -36, -21, 89, 13, 61, -119, 96, -98, 117, -96, -117, -93], tunnelServerId=1, dataCenterId=38}
[17:49:08] [Thread-13/INFO]: [gg.playit.minecraft.PlayitManager] starting tcp tunnel for client
[17:49:08] [Thread-13/INFO]: [gg.playit.minecraft.PlayitTcpTunnel] start connection to /209.25.141.2:43784 to claim client
[17:49:08] [nioEventLoopGroup-2-3/INFO]: [gg.playit.minecraft.PlayitTcpTunnel] connected to tunnel server, sending claim token
[17:49:08] [nioEventLoopGroup-2-3/INFO]: [gg.playit.minecraft.PlayitTcpTunnel] claim token sent
[17:49:08] [Thread-13/INFO]: [gg.playit.minecraft.PlayitManager] got new client: NewClient{connectAddr=147.185.221.31:33863, peerAddr=185.188.40.47:50495, claimAddress=209.25.141.2:43784, claimToken=[44, 0, 68, -109, -71, -35, 31, -124, 71, -71, -68, 40, 47, -59, 63, 27, -53, -85, 40, -85, 8, 104, -72, 127, -108, 0, 0, 0, 0, 0, 10, -61, -85, 0, 0, 0, 0, 0, 75, -89, 29, 0, 0, 0, 0, 0, 34, -72, 14, -16, 40, -85, 8, 0, 0, 0, 0, 38, 0, 0, 0, 0, 0, 0, 0, 1, 0, 2, -50, 1, 122, -87, -53, 35, -69, -9, 73, 82, -110, 95, -11, -99, -111, 124], tunnelServerId=1, dataCenterId=38}
[17:49:08] [Thread-13/INFO]: [gg.playit.minecraft.PlayitManager] starting tcp tunnel for client
[17:49:08] [Thread-13/INFO]: [gg.playit.minecraft.PlayitTcpTunnel] start connection to /209.25.141.2:43784 to claim client
[17:49:08] [nioEventLoopGroup-2-3/INFO]: [gg.playit.minecraft.PlayitTcpTunnel] connection to tunnel server has been established
[17:49:08] [nioEventLoopGroup-2-3/INFO]: [gg.playit.minecraft.PlayitTcpTunnel] Reflect: ReflectionHelper{ServerConnection=class net.minecraft.server.network.ServerConnectionListener, LegacyPingHandler=class net.minecraft.server.network.LegacyQueryHandler, MinecraftServer=class net.minecraft.server.MinecraftServer, PacketSplitter=class net.minecraft.network.Varint21FrameDecoder, PacketDecoder=class net.minecraft.network.PacketDecoder, EnumProtocolDirection=class net.minecraft.network.protocol.PacketFlow, PacketPrepender=class net.minecraft.network.Varint21LengthFieldPrepender, PacketEncoder=class net.minecraft.network.PacketEncoder, NetworkManagerServer=class net.minecraft.network.RateKickingConnection, NetworkManager=class net.minecraft.network.Connection, HandshakeListener=class net.minecraft.server.network.ServerHandshakePacketListenerImpl, PacketListener=interface net.minecraft.network.PacketListener, CraftServer=class org.bukkit.craftbukkit.CraftServer}
[17:49:08] [nioEventLoopGroup-2-4/INFO]: [gg.playit.minecraft.PlayitTcpTunnel] connected to tunnel server, sending claim token
[17:49:08] [nioEventLoopGroup-2-3/INFO]: [gg.playit.minecraft.PlayitTcpTunnel] legacyPingHandler is null
[17:49:08] [nioEventLoopGroup-2-3/INFO]: [gg.playit.minecraft.PlayitTcpTunnel] connecting to minecraft server at localhost/127.0.0.1:25565
[17:49:08] [nioEventLoopGroup-2-4/INFO]: [gg.playit.minecraft.PlayitTcpTunnel] claim token sent
[17:49:08] [nioEventLoopGroup-2-1/INFO]: [gg.playit.minecraft.PlayitTcpTunnel] connected to local minecraft server
[17:49:08] [nioEventLoopGroup-2-4/INFO]: [gg.playit.minecraft.PlayitTcpTunnel] connection to tunnel server has been established
[17:49:08] [nioEventLoopGroup-2-4/INFO]: [gg.playit.minecraft.PlayitTcpTunnel] Reflect: ReflectionHelper{ServerConnection=class net.minecraft.server.network.ServerConnectionListener, LegacyPingHandler=class net.minecraft.server.network.LegacyQueryHandler, MinecraftServer=class net.minecraft.server.MinecraftServer, PacketSplitter=class net.minecraft.network.Varint21FrameDecoder, PacketDecoder=class net.minecraft.network.PacketDecoder, EnumProtocolDirection=class net.minecraft.network.protocol.PacketFlow, PacketPrepender=class net.minecraft.network.Varint21LengthFieldPrepender, PacketEncoder=class net.minecraft.network.PacketEncoder, NetworkManagerServer=class net.minecraft.network.RateKickingConnection, NetworkManager=class net.minecraft.network.Connection, HandshakeListener=class net.minecraft.server.network.ServerHandshakePacketListenerImpl, PacketListener=interface net.minecraft.network.PacketListener, CraftServer=class org.bukkit.craftbukkit.CraftServer}
[17:49:08] [nioEventLoopGroup-2-4/INFO]: [gg.playit.minecraft.PlayitTcpTunnel] legacyPingHandler is null
[17:49:08] [nioEventLoopGroup-2-4/INFO]: [gg.playit.minecraft.PlayitTcpTunnel] connecting to minecraft server at localhost/127.0.0.1:25565
[17:49:08] [nioEventLoopGroup-2-2/INFO]: [gg.playit.minecraft.PlayitTcpTunnel] connected to local minecraft server
[17:49:10] [Thread-13/INFO]: [gg.playit.minecraft.PlayitManager] got new client: NewClient{connectAddr=147.185.221.31:33863, peerAddr=185.188.40.47:50497, claimAddress=209.25.141.2:43784, claimToken=[44, 0, 68, -109, -71, -35, 31, -124, 71, -71, -68, 40, 47, -59, 65, 102, -114, 95, 11, -85, 8, 104, -72, 127, -106, 0, 0, 0, 0, 0, 10, -61, -85, 0, 0, 0, 0, 0, 75, -89, 29, 0, 0, 0, 0, 0, 34, -72, 14, -39, 11, -85, 8, 0, 0, 0, 0, 38, 0, 0, 0, 0, 0, 0, 0, 1, 0, 2, 43, 77, 126, -49, 125, -68, -118, -45, -104, -83, 111, -104, -123, 24, 12, 95], tunnelServerId=1, dataCenterId=38}
[17:49:10] [Thread-13/INFO]: [gg.playit.minecraft.PlayitManager] starting tcp tunnel for client
[17:49:10] [Thread-13/INFO]: [gg.playit.minecraft.PlayitTcpTunnel] start connection to /209.25.141.2:43784 to claim client
[17:49:10] [nioEventLoopGroup-2-3/INFO]: [gg.playit.minecraft.PlayitTcpTunnel] connected to tunnel server, sending claim token
[17:49:10] [nioEventLoopGroup-2-3/INFO]: [gg.playit.minecraft.PlayitTcpTunnel] claim token sent
[17:49:10] [nioEventLoopGroup-2-3/INFO]: [gg.playit.minecraft.PlayitTcpTunnel] connection to tunnel server has been established
[17:49:10] [nioEventLoopGroup-2-3/INFO]: [gg.playit.minecraft.PlayitTcpTunnel] Reflect: ReflectionHelper{ServerConnection=class net.minecraft.server.network.ServerConnectionListener, LegacyPingHandler=class net.minecraft.server.network.LegacyQueryHandler, MinecraftServer=class net.minecraft.server.MinecraftServer, PacketSplitter=class net.minecraft.network.Varint21FrameDecoder, PacketDecoder=class net.minecraft.network.PacketDecoder, EnumProtocolDirection=class net.minecraft.network.protocol.PacketFlow, PacketPrepender=class net.minecraft.network.Varint21LengthFieldPrepender, PacketEncoder=class net.minecraft.network.PacketEncoder, NetworkManagerServer=class net.minecraft.network.RateKickingConnection, NetworkManager=class net.minecraft.network.Connection, HandshakeListener=class net.minecraft.server.network.ServerHandshakePacketListenerImpl, PacketListener=interface net.minecraft.network.PacketListener, CraftServer=class org.bukkit.craftbukkit.CraftServer}
[17:49:10] [nioEventLoopGroup-2-3/INFO]: [gg.playit.minecraft.PlayitTcpTunnel] legacyPingHandler is null
[17:49:10] [nioEventLoopGroup-2-3/INFO]: [gg.playit.minecraft.PlayitTcpTunnel] connecting to minecraft server at localhost/127.0.0.1:25565
[17:49:10] [nioEventLoopGroup-2-4/INFO]: [gg.playit.minecraft.PlayitTcpTunnel] connected to local minecraft server
[17:49:10] [Thread-13/INFO]: [gg.playit.minecraft.PlayitManager] got new client: NewClient{connectAddr=147.185.221.31:33863, peerAddr=185.188.40.47:50498, claimAddress=209.25.141.2:43784, claimToken=[44, 0, 68, -109, -71, -35, 31, -124, 71, -71, -68, 40, 47, -59, 66, -110, 108, -98, -42, -85, 8, 104, -72, 127, -106, 0, 0, 0, 0, 0, 10, -61, -85, 0, 0, 0, 0, 0, 75, -89, 29, 0, 0, 0, 0, 0, 34, -72, 14, -84, -42, -85, 8, 0, 0, 0, 0, 38, 0, 0, 0, 0, 0, 0, 0, 1, 0, 1, 35, 49, 17, 115, -23, 86, 49, -27, -55, -83, -88, 116, 112, 28, 119, 104], tunnelServerId=1, dataCenterId=38}
[17:49:10] [Thread-13/INFO]: [gg.playit.minecraft.PlayitManager] starting tcp tunnel for client
[17:49:10] [Thread-13/INFO]: [gg.playit.minecraft.PlayitTcpTunnel] start connection to /209.25.141.2:43784 to claim client
[17:49:10] [nioEventLoopGroup-2-1/INFO]: [gg.playit.minecraft.PlayitTcpTunnel] connected to tunnel server, sending claim token
[17:49:10] [nioEventLoopGroup-2-1/INFO]: [gg.playit.minecraft.PlayitTcpTunnel] claim token sent
[17:49:10] [nioEventLoopGroup-2-1/INFO]: [gg.playit.minecraft.PlayitTcpTunnel] connection to tunnel server has been established
[17:49:10] [nioEventLoopGroup-2-1/INFO]: [gg.playit.minecraft.PlayitTcpTunnel] Reflect: ReflectionHelper{ServerConnection=class net.minecraft.server.network.ServerConnectionListener, LegacyPingHandler=class net.minecraft.server.network.LegacyQueryHandler, MinecraftServer=class net.minecraft.server.MinecraftServer, PacketSplitter=class net.minecraft.network.Varint21FrameDecoder, PacketDecoder=class net.minecraft.network.PacketDecoder, EnumProtocolDirection=class net.minecraft.network.protocol.PacketFlow, PacketPrepender=class net.minecraft.network.Varint21LengthFieldPrepender, PacketEncoder=class net.minecraft.network.PacketEncoder, NetworkManagerServer=class net.minecraft.network.RateKickingConnection, NetworkManager=class net.minecraft.network.Connection, HandshakeListener=class net.minecraft.server.network.ServerHandshakePacketListenerImpl, PacketListener=interface net.minecraft.network.PacketListener, CraftServer=class org.bukkit.craftbukkit.CraftServer}
[17:49:10] [nioEventLoopGroup-2-1/INFO]: [gg.playit.minecraft.PlayitTcpTunnel] legacyPingHandler is null
[17:49:10] [nioEventLoopGroup-2-1/INFO]: [gg.playit.minecraft.PlayitTcpTunnel] connecting to minecraft server at localhost/127.0.0.1:25565
[17:49:10] [nioEventLoopGroup-2-2/INFO]: [gg.playit.minecraft.PlayitTcpTunnel] connected to local minecraft server
[17:51:16] [Thread-13/INFO]: [gg.playit.control.ChannelSetup] send keep alive
[17:51:28] [Thread-13/INFO]: [gg.playit.control.ChannelSetup] send keep alive
[17:53:36] [Thread-13/INFO]: [gg.playit.minecraft.PlayitManager] got new client: NewClient{connectAddr=147.185.221.31:33863, peerAddr=178.81.217.65:64160, claimAddress=209.25.141.2:43784, claimToken=[44, 0, 68, -109, -71, -35, 31, -124, 71, -78, 81, -39, 65, -6, -96, 61, 39, 14, -7, -85, 8, 104, -72, -128, -96, 0, 0, 0, 0, 0, 10, -61, -85, 0, 0, 0, 0, 0, 75, -89, 29, 0, 0, 0, 0, 0, 34, -72, 14, -11, -7, -85, 8, 0, 0, 0, 0, 36, 0, 0, 0, 0, 0, 0, 0, 1, 0, 2, -92, -127, -49, -33, -73, 5, 80, -104, -120, -124, 49, -126, 37, -97, 101, -85], tunnelServerId=1, dataCenterId=36}
[17:53:36] [Thread-13/INFO]: [gg.playit.minecraft.PlayitManager] starting tcp tunnel for client
[17:53:36] [Thread-13/INFO]: [gg.playit.minecraft.PlayitTcpTunnel] start connection to /209.25.141.2:43784 to claim client
[17:53:36] [nioEventLoopGroup-2-3/INFO]: [gg.playit.minecraft.PlayitTcpTunnel] connected to tunnel server, sending claim token
[17:53:36] [nioEventLoopGroup-2-3/INFO]: [gg.playit.minecraft.PlayitTcpTunnel] claim token sent
[17:53:36] [nioEventLoopGroup-2-3/INFO]: [gg.playit.minecraft.PlayitTcpTunnel] connection to tunnel server has been established
[17:53:36] [nioEventLoopGroup-2-3/INFO]: [gg.playit.minecraft.PlayitTcpTunnel] Reflect: ReflectionHelper{ServerConnection=class net.minecraft.server.network.ServerConnectionListener, LegacyPingHandler=class net.minecraft.server.network.LegacyQueryHandler, MinecraftServer=class net.minecraft.server.MinecraftServer, PacketSplitter=class net.minecraft.network.Varint21FrameDecoder, PacketDecoder=class net.minecraft.network.PacketDecoder, EnumProtocolDirection=class net.minecraft.network.protocol.PacketFlow, PacketPrepender=class net.minecraft.network.Varint21LengthFieldPrepender, PacketEncoder=class net.minecraft.network.PacketEncoder, NetworkManagerServer=class net.minecraft.network.RateKickingConnection, NetworkManager=class net.minecraft.network.Connection, HandshakeListener=class net.minecraft.server.network.ServerHandshakePacketListenerImpl, PacketListener=interface net.minecraft.network.PacketListener, CraftServer=class org.bukkit.craftbukkit.CraftServer}
[17:53:36] [nioEventLoopGroup-2-3/INFO]: [gg.playit.minecraft.PlayitTcpTunnel] legacyPingHandler is null
[17:53:36] [nioEventLoopGroup-2-3/INFO]: [gg.playit.minecraft.PlayitTcpTunnel] connecting to minecraft server at localhost/127.0.0.1:25565
[17:53:36] [nioEventLoopGroup-2-4/INFO]: [gg.playit.minecraft.PlayitTcpTunnel] connected to local minecraft server
[17:53:36] [Thread-13/INFO]: [gg.playit.minecraft.PlayitManager] got new client: NewClient{connectAddr=147.185.221.31:33863, peerAddr=178.81.217.65:64384, claimAddress=209.25.141.2:43784, claimToken=[44, 0, 68, -109, -71, -35, 31, -124, 71, -78, 81, -39, 65, -5, -128, 1, 60, -3, -46, -85, 8, 104, -72, -128, -96, 0, 0, 0, 0, 0, 10, -61, -85, 0, 0, 0, 0, 0, 75, -89, 29, 0, 0, 0, 0, 0, 34, -72, 14, 13, -46, -85, 8, 0, 0, 0, 0, 36, 0, 0, 0, 0, 0, 0, 0, 1, 0, 2, -12, -108, -14, 81, -22, -8, 16, 86, -60, 79, -19, 69, 18, 36, -89, -110], tunnelServerId=1, dataCenterId=36}
[17:53:36] [Thread-13/INFO]: [gg.playit.minecraft.PlayitManager] starting tcp tunnel for client
[17:53:36] [Thread-13/INFO]: [gg.playit.minecraft.PlayitTcpTunnel] start connection to /209.25.141.2:43784 to claim client
[17:53:36] [nioEventLoopGroup-2-1/INFO]: [gg.playit.minecraft.PlayitTcpTunnel] connected to tunnel server, sending claim token
[17:53:36] [nioEventLoopGroup-2-1/INFO]: [gg.playit.minecraft.PlayitTcpTunnel] claim token sent
[17:53:36] [nioEventLoopGroup-2-1/INFO]: [gg.playit.minecraft.PlayitTcpTunnel] connection to tunnel server has been established
[17:53:36] [nioEventLoopGroup-2-1/INFO]: [gg.playit.minecraft.PlayitTcpTunnel] Reflect: ReflectionHelper{ServerConnection=class net.minecraft.server.network.ServerConnectionListener, LegacyPingHandler=class net.minecraft.server.network.LegacyQueryHandler, MinecraftServer=class net.minecraft.server.MinecraftServer, PacketSplitter=class net.minecraft.network.Varint21FrameDecoder, PacketDecoder=class net.minecraft.network.PacketDecoder, EnumProtocolDirection=class net.minecraft.network.protocol.PacketFlow, PacketPrepender=class net.minecraft.network.Varint21LengthFieldPrepender, PacketEncoder=class net.minecraft.network.PacketEncoder, NetworkManagerServer=class net.minecraft.network.RateKickingConnection, NetworkManager=class net.minecraft.network.Connection, HandshakeListener=class net.minecraft.server.network.ServerHandshakePacketListenerImpl, PacketListener=interface net.minecraft.network.PacketListener, CraftServer=class org.bukkit.craftbukkit.CraftServer}
[17:53:36] [nioEventLoopGroup-2-1/INFO]: [gg.playit.minecraft.PlayitTcpTunnel] legacyPingHandler is null
[17:53:36] [nioEventLoopGroup-2-1/INFO]: [gg.playit.minecraft.PlayitTcpTunnel] connecting to minecraft server at localhost/127.0.0.1:25565
[17:53:36] [nioEventLoopGroup-2-2/INFO]: [gg.playit.minecraft.PlayitTcpTunnel] connected to local minecraft server
[17:55:18] [Thread-13/INFO]: [gg.playit.control.ChannelSetup] send keep alive
[17:55:30] [Thread-13/INFO]: [gg.playit.control.ChannelSetup] send keep alive
